<?xml version="1.0" encoding="UTF-8"?>
<coverage generated="1770720199944" clover="3.2.0">
  <project timestamp="1770720199944" name="All files">
    <metrics statements="350" coveredstatements="345" conditionals="211" coveredconditionals="193" methods="90" coveredmethods="87" elements="651" coveredelements="625" complexity="0" loc="350" ncloc="350" packages="4" files="9" classes="9"/>
    <package name="queue">
      <metrics statements="24" coveredstatements="24" conditionals="12" coveredconditionals="12" methods="16" coveredmethods="16"/>
      <file name="MemoryQueue.js" path="/Users/truestone/Dropbox/repo/mj/졸업프로젝트/02-implementation/src-simple/queue/MemoryQueue.js">
        <metrics statements="24" coveredstatements="24" conditionals="12" coveredconditionals="12" methods="16" coveredmethods="16"/>
        <line num="10" count="1" type="stmt"/>
        <line num="13" count="1" type="stmt"/>
        <line num="22" count="14" type="stmt"/>
        <line num="31" count="19" type="stmt"/>
        <line num="46" count="19" type="stmt"/>
        <line num="47" count="19" type="stmt"/>
        <line num="56" count="3" type="cond" truecount="2" falsecount="0"/>
        <line num="65" count="13" type="stmt"/>
        <line num="66" count="13" type="cond" truecount="2" falsecount="0"/>
        <line num="67" count="12" type="stmt"/>
        <line num="76" count="6" type="stmt"/>
        <line num="88" count="4" type="stmt"/>
        <line num="101" count="1" type="stmt"/>
        <line num="114" count="3" type="stmt"/>
        <line num="115" count="9" type="stmt"/>
        <line num="123" count="4" type="stmt"/>
        <line num="131" count="1" type="stmt"/>
        <line num="132" count="1" type="stmt"/>
        <line num="134" count="3" type="stmt"/>
        <line num="135" count="3" type="stmt"/>
        <line num="136" count="3" type="stmt"/>
        <line num="137" count="3" type="stmt"/>
        <line num="145" count="1" type="stmt"/>
        <line num="149" count="1" type="stmt"/>
      </file>
    </package>
    <package name="schedulers">
      <metrics statements="178" coveredstatements="176" conditionals="71" coveredconditionals="70" methods="43" coveredmethods="41"/>
      <file name="BaseScheduler.js" path="/Users/truestone/Dropbox/repo/mj/졸업프로젝트/02-implementation/src-simple/schedulers/BaseScheduler.js">
        <metrics statements="7" coveredstatements="7" conditionals="0" coveredconditionals="0" methods="5" coveredmethods="5"/>
        <line num="9" count="122" type="stmt"/>
        <line num="10" count="122" type="stmt"/>
        <line num="18" count="238" type="stmt"/>
        <line num="26" count="1" type="stmt"/>
        <line num="34" count="11" type="stmt"/>
        <line num="42" count="2524" type="stmt"/>
        <line num="46" count="5" type="stmt"/>
      </file>
      <file name="FCFSScheduler.js" path="/Users/truestone/Dropbox/repo/mj/졸업프로젝트/02-implementation/src-simple/schedulers/FCFSScheduler.js">
        <metrics statements="6" coveredstatements="6" conditionals="2" coveredconditionals="2" methods="2" coveredmethods="2"/>
        <line num="7" count="5" type="stmt"/>
        <line num="11" count="11" type="stmt"/>
        <line num="19" count="236" type="cond" truecount="2" falsecount="0"/>
        <line num="20" count="2" type="stmt"/>
        <line num="22" count="234" type="stmt"/>
        <line num="26" count="5" type="stmt"/>
      </file>
      <file name="MLFQScheduler.js" path="/Users/truestone/Dropbox/repo/mj/졸업프로젝트/02-implementation/src-simple/schedulers/MLFQScheduler.js">
        <metrics statements="83" coveredstatements="82" conditionals="32" coveredconditionals="32" methods="19" coveredmethods="18"/>
        <line num="22" count="5" type="stmt"/>
        <line num="25" count="5" type="stmt"/>
        <line num="26" count="5" type="stmt"/>
        <line num="27" count="5" type="stmt"/>
        <line num="28" count="5" type="stmt"/>
        <line num="32" count="75" type="stmt"/>
        <line num="34" count="75" type="stmt"/>
        <line num="35" count="75" type="stmt"/>
        <line num="38" count="75" type="stmt"/>
        <line num="39" count="75" type="stmt"/>
        <line num="40" count="75" type="stmt"/>
        <line num="47" count="1" type="stmt"/>
        <line num="48" count="0" type="stmt"/>
        <line num="56" count="67" type="cond" truecount="2" falsecount="0"/>
        <line num="57" count="1" type="stmt"/>
        <line num="58" count="1" type="stmt"/>
        <line num="66" count="195" type="stmt"/>
        <line num="67" count="195" type="stmt"/>
        <line num="68" count="780" type="stmt"/>
        <line num="69" count="780" type="stmt"/>
        <line num="73" count="195" type="cond" truecount="2" falsecount="0"/>
        <line num="74" count="13" type="stmt"/>
        <line num="75" count="13" type="stmt"/>
        <line num="76" count="13" type="stmt"/>
        <line num="77" count="13" type="stmt"/>
        <line num="81" count="195" type="stmt"/>
        <line num="82" count="8472" type="stmt"/>
        <line num="83" count="8472" type="stmt"/>
        <line num="85" count="195" type="stmt"/>
        <line num="92" count="343" type="stmt"/>
        <line num="93" count="343" type="stmt"/>
        <line num="94" count="343" type="stmt"/>
        <line num="96" count="343" type="stmt"/>
        <line num="104" count="1894" type="stmt"/>
        <line num="105" count="1944" type="cond" truecount="2" falsecount="0"/>
        <line num="106" count="1891" type="stmt"/>
        <line num="109" count="3" type="stmt"/>
        <line num="117" count="1896" type="stmt"/>
        <line num="118" count="1896" type="stmt"/>
        <line num="119" count="1896" type="cond" truecount="2" falsecount="0"/>
        <line num="128" count="1914" type="cond" truecount="2" falsecount="0"/>
        <line num="129" count="1" type="stmt"/>
        <line num="132" count="1913" type="stmt"/>
        <line num="133" count="1913" type="cond" truecount="2" falsecount="0"/>
        <line num="134" count="1913" type="stmt"/>
        <line num="137" count="1913" type="cond" truecount="4" falsecount="0"/>
        <line num="138" count="1548" type="stmt"/>
        <line num="145" count="365" type="stmt"/>
        <line num="153" count="1538" type="cond" truecount="2" falsecount="0"/>
        <line num="154" count="1" type="stmt"/>
        <line num="157" count="1537" type="stmt"/>
        <line num="158" count="1537" type="stmt"/>
        <line num="161" count="1537" type="stmt"/>
        <line num="162" count="1537" type="stmt"/>
        <line num="165" count="1537" type="stmt"/>
        <line num="168" count="1537" type="stmt"/>
        <line num="169" count="1537" type="stmt"/>
        <line num="170" count="1537" type="stmt"/>
        <line num="178" count="332" type="stmt"/>
        <line num="179" count="332" type="stmt"/>
        <line num="180" count="332" type="stmt"/>
        <line num="181" count="332" type="stmt"/>
        <line num="182" count="332" type="stmt"/>
        <line num="191" count="12" type="stmt"/>
        <line num="194" count="12" type="cond" truecount="2" falsecount="0"/>
        <line num="195" count="6" type="stmt"/>
        <line num="196" count="6" type="stmt"/>
        <line num="205" count="5" type="cond" truecount="2" falsecount="0"/>
        <line num="206" count="5" type="stmt"/>
        <line num="213" count="16" type="stmt"/>
        <line num="214" count="4" type="cond" truecount="2" falsecount="0"/>
        <line num="215" count="1" type="stmt"/>
        <line num="217" count="4" type="stmt"/>
        <line num="224" count="8" type="cond" truecount="2" falsecount="0"/>
        <line num="225" count="1" type="stmt"/>
        <line num="227" count="24" type="stmt"/>
        <line num="235" count="3808" type="stmt"/>
        <line num="243" count="6" type="cond" truecount="2" falsecount="0"/>
        <line num="244" count="1" type="stmt"/>
        <line num="247" count="5" type="cond" truecount="2" falsecount="0"/>
        <line num="248" count="5" type="stmt"/>
        <line num="249" count="5" type="stmt"/>
        <line num="253" count="5" type="stmt"/>
      </file>
      <file name="PriorityScheduler.js" path="/Users/truestone/Dropbox/repo/mj/졸업프로젝트/02-implementation/src-simple/schedulers/PriorityScheduler.js">
        <metrics statements="29" coveredstatements="28" conditionals="14" coveredconditionals="14" methods="7" coveredmethods="6"/>
        <line num="8" count="5" type="stmt"/>
        <line num="11" count="5" type="stmt"/>
        <line num="19" count="5" type="stmt"/>
        <line num="20" count="5" type="stmt"/>
        <line num="24" count="15" type="stmt"/>
        <line num="25" count="15" type="stmt"/>
        <line num="32" count="2" type="stmt"/>
        <line num="33" count="0" type="stmt"/>
        <line num="41" count="13" type="cond" truecount="2" falsecount="0"/>
        <line num="42" count="2" type="stmt"/>
        <line num="43" count="2" type="stmt"/>
        <line num="51" count="5" type="stmt"/>
        <line num="52" count="5" type="stmt"/>
        <line num="53" count="7" type="stmt"/>
        <line num="55" count="7" type="cond" truecount="4" falsecount="0"/>
        <line num="56" count="1" type="stmt"/>
        <line num="68" count="1017" type="cond" truecount="2" falsecount="0"/>
        <line num="69" count="1017" type="cond" truecount="2" falsecount="0"/>
        <line num="70" count="1017" type="stmt"/>
        <line num="78" count="1013" type="cond" truecount="2" falsecount="0"/>
        <line num="79" count="2" type="stmt"/>
        <line num="83" count="1011" type="stmt"/>
        <line num="84" count="1011" type="stmt"/>
        <line num="86" count="1011" type="stmt"/>
        <line num="87" count="499508" type="cond" truecount="2" falsecount="0"/>
        <line num="88" count="4" type="stmt"/>
        <line num="89" count="4" type="stmt"/>
        <line num="94" count="1011" type="stmt"/>
        <line num="98" count="5" type="stmt"/>
      </file>
      <file name="WFQScheduler.js" path="/Users/truestone/Dropbox/repo/mj/졸업프로젝트/02-implementation/src-simple/schedulers/WFQScheduler.js">
        <metrics statements="47" coveredstatements="47" conditionals="23" coveredconditionals="22" methods="10" coveredmethods="10"/>
        <line num="16" count="5" type="stmt"/>
        <line num="19" count="5" type="stmt"/>
        <line num="28" count="19" type="stmt"/>
        <line num="30" count="19" type="stmt"/>
        <line num="31" count="19" type="stmt"/>
        <line num="40" count="21" type="cond" truecount="2" falsecount="0"/>
        <line num="41" count="21" type="stmt"/>
        <line num="53" count="1031" type="cond" truecount="2" falsecount="0"/>
        <line num="56" count="1031" type="cond" truecount="2" falsecount="0"/>
        <line num="57" count="7" type="cond" truecount="2" falsecount="0"/>
        <line num="61" count="1031" type="stmt"/>
        <line num="62" count="1031" type="stmt"/>
        <line num="63" count="1031" type="cond" truecount="2" falsecount="0"/>
        <line num="64" count="1031" type="stmt"/>
        <line num="65" count="1031" type="stmt"/>
        <line num="66" count="1031" type="cond" truecount="2" falsecount="0"/>
        <line num="68" count="1031" type="stmt"/>
        <line num="76" count="1026" type="cond" truecount="2" falsecount="0"/>
        <line num="77" count="2" type="stmt"/>
        <line num="81" count="1024" type="stmt"/>
        <line num="82" count="1024" type="stmt"/>
        <line num="84" count="1024" type="stmt"/>
        <line num="85" count="499691" type="cond" truecount="2" falsecount="0"/>
        <line num="86" count="10" type="stmt"/>
        <line num="87" count="10" type="stmt"/>
        <line num="91" count="1024" type="stmt"/>
        <line num="94" count="1024" type="stmt"/>
        <line num="95" count="1024" type="cond" truecount="1" falsecount="1"/>
        <line num="96" count="1024" type="stmt"/>
        <line num="97" count="1024" type="stmt"/>
        <line num="98" count="1024" type="stmt"/>
        <line num="101" count="1024" type="stmt"/>
        <line num="114" count="7" type="stmt"/>
        <line num="115" count="7" type="cond" truecount="2" falsecount="0"/>
        <line num="118" count="6" type="stmt"/>
        <line num="119" count="8" type="stmt"/>
        <line num="120" count="3" type="stmt"/>
        <line num="122" count="6" type="cond" truecount="2" falsecount="0"/>
        <line num="124" count="2" type="stmt"/>
        <line num="125" count="3" type="stmt"/>
        <line num="126" count="3" type="stmt"/>
        <line num="129" count="2" type="stmt"/>
        <line num="137" count="4" type="stmt"/>
        <line num="138" count="4" type="stmt"/>
        <line num="139" count="4" type="stmt"/>
        <line num="146" count="4" type="stmt"/>
        <line num="154" count="5" type="stmt"/>
      </file>
      <file name="index.js" path="/Users/truestone/Dropbox/repo/mj/졸업프로젝트/02-implementation/src-simple/schedulers/index.js">
        <metrics statements="6" coveredstatements="6" conditionals="0" coveredconditionals="0" methods="0" coveredmethods="0"/>
        <line num="4" count="4" type="stmt"/>
        <line num="5" count="4" type="stmt"/>
        <line num="6" count="4" type="stmt"/>
        <line num="7" count="4" type="stmt"/>
        <line num="8" count="4" type="stmt"/>
        <line num="10" count="4" type="stmt"/>
      </file>
    </package>
    <package name="storage">
      <metrics statements="52" coveredstatements="51" conditionals="42" coveredconditionals="29" methods="21" coveredmethods="20"/>
      <file name="JSONStore.js" path="/Users/truestone/Dropbox/repo/mj/졸업프로젝트/02-implementation/src-simple/storage/JSONStore.js">
        <metrics statements="52" coveredstatements="51" conditionals="42" coveredconditionals="29" methods="21" coveredmethods="20"/>
        <line num="7" count="1" type="stmt"/>
        <line num="8" count="1" type="stmt"/>
        <line num="13" count="11" type="cond" truecount="1" falsecount="1"/>
        <line num="14" count="11" type="stmt"/>
        <line num="15" count="11" type="stmt"/>
        <line num="23" count="11" type="cond" truecount="1" falsecount="1"/>
        <line num="24" count="11" type="stmt"/>
        <line num="28" count="11" type="cond" truecount="1" falsecount="1"/>
        <line num="29" count="11" type="stmt"/>
        <line num="33" count="11" type="cond" truecount="1" falsecount="1"/>
        <line num="34" count="11" type="stmt"/>
        <line num="42" count="30" type="stmt"/>
        <line num="43" count="30" type="stmt"/>
        <line num="44" count="30" type="stmt"/>
        <line num="46" count="0" type="stmt"/>
        <line num="54" count="47" type="stmt"/>
        <line num="63" count="21" type="stmt"/>
        <line num="65" count="21" type="cond" truecount="2" falsecount="0"/>
        <line num="66" count="21" type="cond" truecount="4" falsecount="0"/>
        <line num="70" count="21" type="stmt"/>
        <line num="87" count="21" type="stmt"/>
        <line num="96" count="2" type="stmt"/>
        <line num="98" count="2" type="stmt"/>
        <line num="107" count="2" type="stmt"/>
        <line num="116" count="4" type="stmt"/>
        <line num="118" count="4" type="stmt"/>
        <line num="119" count="12" type="stmt"/>
        <line num="129" count="2" type="stmt"/>
        <line num="130" count="3" type="stmt"/>
        <line num="132" count="2" type="cond" truecount="2" falsecount="0"/>
        <line num="133" count="1" type="stmt"/>
        <line num="136" count="2" type="stmt"/>
        <line num="137" count="2" type="stmt"/>
        <line num="139" count="1" type="cond" truecount="1" falsecount="1"/>
        <line num="140" count="2" type="cond" truecount="1" falsecount="1"/>
        <line num="143" count="1" type="cond" truecount="1" falsecount="1"/>
        <line num="144" count="2" type="cond" truecount="1" falsecount="1"/>
        <line num="147" count="1" type="stmt"/>
        <line num="161" count="1" type="stmt"/>
        <line num="162" count="3" type="stmt"/>
        <line num="165" count="1" type="stmt"/>
        <line num="166" count="1" type="stmt"/>
        <line num="167" count="3" type="cond" truecount="1" falsecount="1"/>
        <line num="168" count="3" type="cond" truecount="2" falsecount="0"/>
        <line num="169" count="2" type="stmt"/>
        <line num="171" count="3" type="stmt"/>
        <line num="175" count="2" type="stmt"/>
        <line num="178" count="3" type="cond" truecount="1" falsecount="1"/>
        <line num="179" count="3" type="cond" truecount="1" falsecount="1"/>
        <line num="194" count="1" type="stmt"/>
        <line num="195" count="1" type="stmt"/>
        <line num="199" count="1" type="stmt"/>
      </file>
    </package>
    <package name="utils">
      <metrics statements="96" coveredstatements="94" conditionals="86" coveredconditionals="82" methods="10" coveredmethods="10"/>
      <file name="validation.js" path="/Users/truestone/Dropbox/repo/mj/졸업프로젝트/02-implementation/src-simple/utils/validation.js">
        <metrics statements="96" coveredstatements="94" conditionals="86" coveredconditionals="82" methods="10" coveredmethods="10"/>
        <line num="11" count="2" type="stmt"/>
        <line num="21" count="2" type="stmt"/>
        <line num="31" count="2" type="stmt"/>
        <line num="45" count="27" type="stmt"/>
        <line num="46" count="27" type="stmt"/>
        <line num="49" count="27" type="cond" truecount="4" falsecount="0"/>
        <line num="50" count="6" type="stmt"/>
        <line num="53" count="21" type="cond" truecount="2" falsecount="0"/>
        <line num="54" count="2" type="stmt"/>
        <line num="55" count="2" type="stmt"/>
        <line num="58" count="21" type="stmt"/>
        <line num="62" count="27" type="cond" truecount="4" falsecount="0"/>
        <line num="63" count="9" type="stmt"/>
        <line num="66" count="18" type="cond" truecount="2" falsecount="0"/>
        <line num="67" count="3" type="stmt"/>
        <line num="72" count="27" type="cond" truecount="2" falsecount="0"/>
        <line num="73" count="3" type="stmt"/>
        <line num="74" count="3" type="cond" truecount="2" falsecount="0"/>
        <line num="75" count="1" type="stmt"/>
        <line num="77" count="2" type="stmt"/>
        <line num="81" count="24" type="stmt"/>
        <line num="85" count="27" type="cond" truecount="2" falsecount="0"/>
        <line num="86" count="3" type="stmt"/>
        <line num="87" count="3" type="cond" truecount="2" falsecount="0"/>
        <line num="88" count="1" type="stmt"/>
        <line num="90" count="2" type="stmt"/>
        <line num="94" count="24" type="stmt"/>
        <line num="98" count="27" type="cond" truecount="2" falsecount="0"/>
        <line num="99" count="3" type="stmt"/>
        <line num="100" count="3" type="cond" truecount="4" falsecount="1"/>
        <line num="101" count="3" type="stmt"/>
        <line num="102" count="3" type="stmt"/>
        <line num="104" count="0" type="stmt"/>
        <line num="109" count="27" type="cond" truecount="2" falsecount="0"/>
        <line num="110" count="2" type="cond" truecount="3" falsecount="1"/>
        <line num="111" count="2" type="stmt"/>
        <line num="112" count="2" type="stmt"/>
        <line num="116" count="27" type="stmt"/>
        <line num="130" count="10" type="stmt"/>
        <line num="131" count="10" type="stmt"/>
        <line num="134" count="10" type="cond" truecount="4" falsecount="0"/>
        <line num="135" count="1" type="stmt"/>
        <line num="139" count="10" type="cond" truecount="2" falsecount="0"/>
        <line num="140" count="2" type="stmt"/>
        <line num="141" count="2" type="cond" truecount="1" falsecount="1"/>
        <line num="142" count="0" type="stmt"/>
        <line num="144" count="2" type="stmt"/>
        <line num="147" count="8" type="stmt"/>
        <line num="151" count="10" type="cond" truecount="2" falsecount="0"/>
        <line num="152" count="5" type="stmt"/>
        <line num="153" count="5" type="cond" truecount="5" falsecount="0"/>
        <line num="154" count="3" type="stmt"/>
        <line num="155" count="3" type="stmt"/>
        <line num="157" count="2" type="stmt"/>
        <line num="161" count="5" type="cond" truecount="1" falsecount="1"/>
        <line num="164" count="10" type="stmt"/>
        <line num="178" count="11" type="stmt"/>
        <line num="181" count="11" type="cond" truecount="2" falsecount="0"/>
        <line num="182" count="5" type="stmt"/>
        <line num="183" count="5" type="cond" truecount="5" falsecount="0"/>
        <line num="184" count="2" type="stmt"/>
        <line num="186" count="3" type="stmt"/>
        <line num="189" count="6" type="stmt"/>
        <line num="193" count="11" type="cond" truecount="2" falsecount="0"/>
        <line num="194" count="2" type="stmt"/>
        <line num="195" count="2" type="cond" truecount="4" falsecount="0"/>
        <line num="196" count="1" type="stmt"/>
        <line num="198" count="1" type="stmt"/>
        <line num="201" count="9" type="stmt"/>
        <line num="205" count="11" type="cond" truecount="2" falsecount="0"/>
        <line num="206" count="3" type="stmt"/>
        <line num="207" count="3" type="cond" truecount="2" falsecount="0"/>
        <line num="208" count="1" type="stmt"/>
        <line num="213" count="11" type="cond" truecount="4" falsecount="0"/>
        <line num="214" count="1" type="stmt"/>
        <line num="217" count="11" type="stmt"/>
        <line num="227" count="1" type="stmt"/>
        <line num="244" count="8" type="stmt"/>
        <line num="245" count="8" type="cond" truecount="2" falsecount="0"/>
        <line num="246" count="3" type="stmt"/>
        <line num="248" count="5" type="stmt"/>
        <line num="261" count="7" type="stmt"/>
        <line num="262" count="7" type="cond" truecount="2" falsecount="0"/>
        <line num="263" count="2" type="stmt"/>
        <line num="265" count="5" type="stmt"/>
        <line num="275" count="7" type="cond" truecount="2" falsecount="0"/>
        <line num="276" count="4" type="stmt"/>
        <line num="278" count="3" type="stmt"/>
        <line num="294" count="10" type="cond" truecount="2" falsecount="0"/>
        <line num="295" count="3" type="stmt"/>
        <line num="298" count="7" type="stmt"/>
        <line num="310" count="47" type="stmt"/>
        <line num="321" count="3" type="stmt"/>
        <line num="322" count="3" type="stmt"/>
        <line num="323" count="3" type="stmt"/>
        <line num="326" count="2" type="stmt"/>
      </file>
    </package>
  </project>
</coverage>
