<?xml version="1.0" encoding="UTF-8"?>
<coverage generated="1770187416917" clover="3.2.0">
  <project timestamp="1770187416918" name="All files">
    <metrics statements="208" coveredstatements="205" conditionals="103" coveredconditionals="88" methods="74" coveredmethods="71" elements="385" coveredelements="364" complexity="0" loc="208" ncloc="208" packages="3" files="8" classes="8"/>
    <package name="queue">
      <metrics statements="24" coveredstatements="24" conditionals="12" coveredconditionals="11" methods="16" coveredmethods="16"/>
      <file name="MemoryQueue.js" path="/Users/truestone/Dropbox/repo/mj/졸업프로젝트/02-implementation/src-simple/queue/MemoryQueue.js">
        <metrics statements="24" coveredstatements="24" conditionals="12" coveredconditionals="11" methods="16" coveredmethods="16"/>
        <line num="10" count="1" type="stmt"/>
        <line num="13" count="1" type="stmt"/>
        <line num="22" count="12" type="stmt"/>
        <line num="31" count="18" type="stmt"/>
        <line num="46" count="18" type="stmt"/>
        <line num="47" count="18" type="stmt"/>
        <line num="56" count="2" type="cond" truecount="2" falsecount="0"/>
        <line num="65" count="11" type="stmt"/>
        <line num="66" count="11" type="cond" truecount="1" falsecount="1"/>
        <line num="67" count="11" type="stmt"/>
        <line num="76" count="6" type="stmt"/>
        <line num="88" count="4" type="stmt"/>
        <line num="101" count="1" type="stmt"/>
        <line num="114" count="3" type="stmt"/>
        <line num="115" count="9" type="stmt"/>
        <line num="123" count="3" type="stmt"/>
        <line num="131" count="1" type="stmt"/>
        <line num="132" count="1" type="stmt"/>
        <line num="134" count="3" type="stmt"/>
        <line num="135" count="3" type="stmt"/>
        <line num="136" count="3" type="stmt"/>
        <line num="137" count="3" type="stmt"/>
        <line num="145" count="1" type="stmt"/>
        <line num="149" count="1" type="stmt"/>
      </file>
    </package>
    <package name="schedulers">
      <metrics statements="132" coveredstatements="130" conditionals="49" coveredconditionals="48" methods="37" coveredmethods="35"/>
      <file name="BaseScheduler.js" path="/Users/truestone/Dropbox/repo/mj/졸업프로젝트/02-implementation/src-simple/schedulers/BaseScheduler.js">
        <metrics statements="7" coveredstatements="7" conditionals="0" coveredconditionals="0" methods="5" coveredmethods="5"/>
        <line num="9" count="44" type="stmt"/>
        <line num="10" count="44" type="stmt"/>
        <line num="18" count="7" type="stmt"/>
        <line num="26" count="1" type="stmt"/>
        <line num="34" count="4" type="stmt"/>
        <line num="42" count="57" type="stmt"/>
        <line num="46" count="1" type="stmt"/>
      </file>
      <file name="FCFSScheduler.js" path="/Users/truestone/Dropbox/repo/mj/졸업프로젝트/02-implementation/src-simple/schedulers/FCFSScheduler.js">
        <metrics statements="6" coveredstatements="6" conditionals="2" coveredconditionals="2" methods="2" coveredmethods="2"/>
        <line num="7" count="1" type="stmt"/>
        <line num="11" count="4" type="stmt"/>
        <line num="19" count="4" type="cond" truecount="2" falsecount="0"/>
        <line num="20" count="1" type="stmt"/>
        <line num="22" count="3" type="stmt"/>
        <line num="26" count="1" type="stmt"/>
      </file>
      <file name="MLFQScheduler.js" path="/Users/truestone/Dropbox/repo/mj/졸업프로젝트/02-implementation/src-simple/schedulers/MLFQScheduler.js">
        <metrics statements="37" coveredstatements="36" conditionals="10" coveredconditionals="10" methods="13" coveredmethods="12"/>
        <line num="17" count="1" type="stmt"/>
        <line num="20" count="1" type="stmt"/>
        <line num="21" count="1" type="stmt"/>
        <line num="22" count="1" type="stmt"/>
        <line num="26" count="16" type="stmt"/>
        <line num="28" count="16" type="stmt"/>
        <line num="29" count="16" type="stmt"/>
        <line num="36" count="1" type="stmt"/>
        <line num="37" count="0" type="stmt"/>
        <line num="45" count="18" type="cond" truecount="2" falsecount="0"/>
        <line num="46" count="1" type="stmt"/>
        <line num="47" count="1" type="stmt"/>
        <line num="55" count="1" type="stmt"/>
        <line num="56" count="1" type="stmt"/>
        <line num="57" count="4" type="stmt"/>
        <line num="58" count="4" type="stmt"/>
        <line num="61" count="1" type="stmt"/>
        <line num="62" count="2" type="stmt"/>
        <line num="63" count="2" type="stmt"/>
        <line num="65" count="1" type="stmt"/>
        <line num="72" count="8" type="stmt"/>
        <line num="73" count="8" type="stmt"/>
        <line num="74" count="8" type="cond" truecount="2" falsecount="0"/>
        <line num="75" count="8" type="stmt"/>
        <line num="83" count="5" type="stmt"/>
        <line num="84" count="14" type="cond" truecount="2" falsecount="0"/>
        <line num="85" count="4" type="stmt"/>
        <line num="88" count="1" type="stmt"/>
        <line num="97" count="3" type="stmt"/>
        <line num="100" count="3" type="cond" truecount="2" falsecount="0"/>
        <line num="101" count="1" type="stmt"/>
        <line num="102" count="1" type="stmt"/>
        <line num="111" count="2" type="cond" truecount="2" falsecount="0"/>
        <line num="112" count="2" type="stmt"/>
        <line num="119" count="4" type="stmt"/>
        <line num="126" count="7" type="stmt"/>
        <line num="130" count="1" type="stmt"/>
      </file>
      <file name="PriorityScheduler.js" path="/Users/truestone/Dropbox/repo/mj/졸업프로젝트/02-implementation/src-simple/schedulers/PriorityScheduler.js">
        <metrics statements="29" coveredstatements="28" conditionals="14" coveredconditionals="14" methods="7" coveredmethods="6"/>
        <line num="8" count="1" type="stmt"/>
        <line num="11" count="1" type="stmt"/>
        <line num="19" count="1" type="stmt"/>
        <line num="20" count="1" type="stmt"/>
        <line num="24" count="10" type="stmt"/>
        <line num="25" count="10" type="stmt"/>
        <line num="32" count="1" type="stmt"/>
        <line num="33" count="0" type="stmt"/>
        <line num="41" count="12" type="cond" truecount="2" falsecount="0"/>
        <line num="42" count="1" type="stmt"/>
        <line num="43" count="1" type="stmt"/>
        <line num="51" count="3" type="stmt"/>
        <line num="52" count="3" type="stmt"/>
        <line num="53" count="3" type="stmt"/>
        <line num="55" count="3" type="cond" truecount="4" falsecount="0"/>
        <line num="56" count="1" type="stmt"/>
        <line num="68" count="12" type="cond" truecount="2" falsecount="0"/>
        <line num="69" count="12" type="cond" truecount="2" falsecount="0"/>
        <line num="70" count="12" type="stmt"/>
        <line num="78" count="7" type="cond" truecount="2" falsecount="0"/>
        <line num="79" count="1" type="stmt"/>
        <line num="83" count="6" type="stmt"/>
        <line num="84" count="6" type="stmt"/>
        <line num="86" count="6" type="stmt"/>
        <line num="87" count="5" type="cond" truecount="2" falsecount="0"/>
        <line num="88" count="3" type="stmt"/>
        <line num="89" count="3" type="stmt"/>
        <line num="94" count="6" type="stmt"/>
        <line num="98" count="1" type="stmt"/>
      </file>
      <file name="WFQScheduler.js" path="/Users/truestone/Dropbox/repo/mj/졸업프로젝트/02-implementation/src-simple/schedulers/WFQScheduler.js">
        <metrics statements="47" coveredstatements="47" conditionals="23" coveredconditionals="22" methods="10" coveredmethods="10"/>
        <line num="16" count="1" type="stmt"/>
        <line num="19" count="1" type="stmt"/>
        <line num="28" count="12" type="stmt"/>
        <line num="30" count="12" type="stmt"/>
        <line num="31" count="12" type="stmt"/>
        <line num="40" count="14" type="cond" truecount="2" falsecount="0"/>
        <line num="41" count="14" type="stmt"/>
        <line num="53" count="26" type="cond" truecount="2" falsecount="0"/>
        <line num="56" count="26" type="cond" truecount="2" falsecount="0"/>
        <line num="57" count="6" type="cond" truecount="2" falsecount="0"/>
        <line num="61" count="26" type="stmt"/>
        <line num="62" count="26" type="stmt"/>
        <line num="63" count="26" type="cond" truecount="2" falsecount="0"/>
        <line num="64" count="26" type="stmt"/>
        <line num="65" count="26" type="stmt"/>
        <line num="66" count="26" type="cond" truecount="2" falsecount="0"/>
        <line num="68" count="26" type="stmt"/>
        <line num="76" count="23" type="cond" truecount="2" falsecount="0"/>
        <line num="77" count="1" type="stmt"/>
        <line num="81" count="22" type="stmt"/>
        <line num="82" count="22" type="stmt"/>
        <line num="84" count="22" type="stmt"/>
        <line num="85" count="191" type="cond" truecount="2" falsecount="0"/>
        <line num="86" count="10" type="stmt"/>
        <line num="87" count="10" type="stmt"/>
        <line num="91" count="22" type="stmt"/>
        <line num="94" count="22" type="stmt"/>
        <line num="95" count="22" type="cond" truecount="1" falsecount="1"/>
        <line num="96" count="22" type="stmt"/>
        <line num="97" count="22" type="stmt"/>
        <line num="98" count="22" type="stmt"/>
        <line num="101" count="22" type="stmt"/>
        <line num="114" count="4" type="stmt"/>
        <line num="115" count="4" type="cond" truecount="2" falsecount="0"/>
        <line num="118" count="3" type="stmt"/>
        <line num="119" count="5" type="stmt"/>
        <line num="120" count="3" type="stmt"/>
        <line num="122" count="3" type="cond" truecount="2" falsecount="0"/>
        <line num="124" count="2" type="stmt"/>
        <line num="125" count="3" type="stmt"/>
        <line num="126" count="3" type="stmt"/>
        <line num="129" count="2" type="stmt"/>
        <line num="137" count="1" type="stmt"/>
        <line num="138" count="1" type="stmt"/>
        <line num="139" count="1" type="stmt"/>
        <line num="146" count="1" type="stmt"/>
        <line num="154" count="1" type="stmt"/>
      </file>
      <file name="index.js" path="/Users/truestone/Dropbox/repo/mj/졸업프로젝트/02-implementation/src-simple/schedulers/index.js">
        <metrics statements="6" coveredstatements="6" conditionals="0" coveredconditionals="0" methods="0" coveredmethods="0"/>
        <line num="4" count="1" type="stmt"/>
        <line num="5" count="1" type="stmt"/>
        <line num="6" count="1" type="stmt"/>
        <line num="7" count="1" type="stmt"/>
        <line num="8" count="1" type="stmt"/>
        <line num="10" count="1" type="stmt"/>
      </file>
    </package>
    <package name="storage">
      <metrics statements="52" coveredstatements="51" conditionals="42" coveredconditionals="29" methods="21" coveredmethods="20"/>
      <file name="JSONStore.js" path="/Users/truestone/Dropbox/repo/mj/졸업프로젝트/02-implementation/src-simple/storage/JSONStore.js">
        <metrics statements="52" coveredstatements="51" conditionals="42" coveredconditionals="29" methods="21" coveredmethods="20"/>
        <line num="7" count="1" type="stmt"/>
        <line num="8" count="1" type="stmt"/>
        <line num="13" count="11" type="cond" truecount="1" falsecount="1"/>
        <line num="14" count="11" type="stmt"/>
        <line num="15" count="11" type="stmt"/>
        <line num="23" count="11" type="cond" truecount="1" falsecount="1"/>
        <line num="24" count="11" type="stmt"/>
        <line num="28" count="11" type="cond" truecount="1" falsecount="1"/>
        <line num="29" count="11" type="stmt"/>
        <line num="33" count="11" type="cond" truecount="1" falsecount="1"/>
        <line num="34" count="11" type="stmt"/>
        <line num="42" count="30" type="stmt"/>
        <line num="43" count="30" type="stmt"/>
        <line num="44" count="30" type="stmt"/>
        <line num="46" count="0" type="stmt"/>
        <line num="54" count="47" type="stmt"/>
        <line num="63" count="21" type="stmt"/>
        <line num="65" count="21" type="cond" truecount="2" falsecount="0"/>
        <line num="66" count="21" type="cond" truecount="4" falsecount="0"/>
        <line num="70" count="21" type="stmt"/>
        <line num="87" count="21" type="stmt"/>
        <line num="96" count="2" type="stmt"/>
        <line num="98" count="2" type="stmt"/>
        <line num="107" count="2" type="stmt"/>
        <line num="116" count="4" type="stmt"/>
        <line num="118" count="4" type="stmt"/>
        <line num="119" count="12" type="stmt"/>
        <line num="129" count="2" type="stmt"/>
        <line num="130" count="3" type="stmt"/>
        <line num="132" count="2" type="cond" truecount="2" falsecount="0"/>
        <line num="133" count="1" type="stmt"/>
        <line num="136" count="2" type="stmt"/>
        <line num="137" count="2" type="stmt"/>
        <line num="139" count="1" type="cond" truecount="1" falsecount="1"/>
        <line num="140" count="2" type="cond" truecount="1" falsecount="1"/>
        <line num="143" count="1" type="cond" truecount="1" falsecount="1"/>
        <line num="144" count="2" type="cond" truecount="1" falsecount="1"/>
        <line num="147" count="1" type="stmt"/>
        <line num="161" count="1" type="stmt"/>
        <line num="162" count="3" type="stmt"/>
        <line num="165" count="1" type="stmt"/>
        <line num="166" count="1" type="stmt"/>
        <line num="167" count="3" type="cond" truecount="1" falsecount="1"/>
        <line num="168" count="3" type="cond" truecount="2" falsecount="0"/>
        <line num="169" count="2" type="stmt"/>
        <line num="171" count="3" type="stmt"/>
        <line num="175" count="2" type="stmt"/>
        <line num="178" count="3" type="cond" truecount="1" falsecount="1"/>
        <line num="179" count="3" type="cond" truecount="1" falsecount="1"/>
        <line num="194" count="1" type="stmt"/>
        <line num="195" count="1" type="stmt"/>
        <line num="199" count="1" type="stmt"/>
      </file>
    </package>
  </project>
</coverage>
