{"total": {"lines":{"total":416,"covered":415,"skipped":0,"pct":99.75},"statements":{"total":434,"covered":433,"skipped":0,"pct":99.76},"functions":{"total":110,"covered":108,"skipped":0,"pct":98.18},"branches":{"total":238,"covered":224,"skipped":0,"pct":94.11},"branchesTrue":{"total":0,"covered":0,"skipped":0,"pct":100}}
,"/Users/truestone/Dropbox/repo/mj/졸업프로젝트/02-implementation/src-simple/queue/MemoryQueue.js": {"lines":{"total":24,"covered":24,"skipped":0,"pct":100},"functions":{"total":16,"covered":16,"skipped":0,"pct":100},"statements":{"total":24,"covered":24,"skipped":0,"pct":100},"branches":{"total":12,"covered":12,"skipped":0,"pct":100}}
,"/Users/truestone/Dropbox/repo/mj/졸업프로젝트/02-implementation/src-simple/schedulers/BaseScheduler.js": {"lines":{"total":7,"covered":7,"skipped":0,"pct":100},"functions":{"total":5,"covered":5,"skipped":0,"pct":100},"statements":{"total":7,"covered":7,"skipped":0,"pct":100},"branches":{"total":0,"covered":0,"skipped":0,"pct":100}}
,"/Users/truestone/Dropbox/repo/mj/졸업프로젝트/02-implementation/src-simple/schedulers/FCFSScheduler.js": {"lines":{"total":6,"covered":6,"skipped":0,"pct":100},"functions":{"total":2,"covered":2,"skipped":0,"pct":100},"statements":{"total":6,"covered":6,"skipped":0,"pct":100},"branches":{"total":2,"covered":2,"skipped":0,"pct":100}}
,"/Users/truestone/Dropbox/repo/mj/졸업프로젝트/02-implementation/src-simple/schedulers/MLFQScheduler.js": {"lines":{"total":83,"covered":83,"skipped":0,"pct":100},"functions":{"total":19,"covered":19,"skipped":0,"pct":100},"statements":{"total":87,"covered":87,"skipped":0,"pct":100},"branches":{"total":32,"covered":32,"skipped":0,"pct":100}}
,"/Users/truestone/Dropbox/repo/mj/졸업프로젝트/02-implementation/src-simple/schedulers/PriorityScheduler.js": {"lines":{"total":29,"covered":28,"skipped":0,"pct":96.55},"functions":{"total":7,"covered":6,"skipped":0,"pct":85.71},"statements":{"total":30,"covered":29,"skipped":0,"pct":96.66},"branches":{"total":14,"covered":14,"skipped":0,"pct":100}}
,"/Users/truestone/Dropbox/repo/mj/졸업프로젝트/02-implementation/src-simple/schedulers/RateLimiterScheduler.js": {"lines":{"total":65,"covered":65,"skipped":0,"pct":100},"functions":{"total":20,"covered":20,"skipped":0,"pct":100},"statements":{"total":67,"covered":67,"skipped":0,"pct":100},"branches":{"total":27,"covered":27,"skipped":0,"pct":100}}
,"/Users/truestone/Dropbox/repo/mj/졸업프로젝트/02-implementation/src-simple/schedulers/WFQScheduler.js": {"lines":{"total":47,"covered":47,"skipped":0,"pct":100},"functions":{"total":10,"covered":10,"skipped":0,"pct":100},"statements":{"total":52,"covered":52,"skipped":0,"pct":100},"branches":{"total":23,"covered":23,"skipped":0,"pct":100}}
,"/Users/truestone/Dropbox/repo/mj/졸업프로젝트/02-implementation/src-simple/schedulers/index.js": {"lines":{"total":7,"covered":7,"skipped":0,"pct":100},"functions":{"total":0,"covered":0,"skipped":0,"pct":100},"statements":{"total":7,"covered":7,"skipped":0,"pct":100},"branches":{"total":0,"covered":0,"skipped":0,"pct":100}}
,"/Users/truestone/Dropbox/repo/mj/졸업프로젝트/02-implementation/src-simple/storage/JSONStore.js": {"lines":{"total":52,"covered":52,"skipped":0,"pct":100},"functions":{"total":21,"covered":20,"skipped":0,"pct":95.23},"statements":{"total":57,"covered":57,"skipped":0,"pct":100},"branches":{"total":42,"covered":29,"skipped":0,"pct":69.04}}
,"/Users/truestone/Dropbox/repo/mj/졸업프로젝트/02-implementation/src-simple/utils/validation.js": {"lines":{"total":96,"covered":96,"skipped":0,"pct":100},"functions":{"total":10,"covered":10,"skipped":0,"pct":100},"statements":{"total":97,"covered":97,"skipped":0,"pct":100},"branches":{"total":86,"covered":85,"skipped":0,"pct":98.83}}
}
