{"/Users/truestone/Dropbox/repo/mj/졸업프로젝트/02-implementation/src-simple/queue/MemoryQueue.js": {"path":"/Users/truestone/Dropbox/repo/mj/졸업프로젝트/02-implementation/src-simple/queue/MemoryQueue.js","statementMap":{"0":{"start":{"line":10,"column":23},"end":{"line":10,"column":40}},"1":{"start":{"line":13,"column":23},"end":{"line":18,"column":1}},"2":{"start":{"line":22,"column":4},"end":{"line":22,"column":30}},"3":{"start":{"line":31,"column":20},"end":{"line":44,"column":5}},"4":{"start":{"line":46,"column":4},"end":{"line":46,"column":43}},"5":{"start":{"line":47,"column":4},"end":{"line":47,"column":19}},"6":{"start":{"line":56,"column":4},"end":{"line":56,"column":48}},"7":{"start":{"line":65,"column":20},"end":{"line":65,"column":48}},"8":{"start":{"line":66,"column":4},"end":{"line":68,"column":5}},"9":{"start":{"line":67,"column":6},"end":{"line":67,"column":38}},"10":{"start":{"line":76,"column":4},"end":{"line":79,"column":7}},"11":{"start":{"line":88,"column":4},"end":{"line":92,"column":7}},"12":{"start":{"line":101,"column":4},"end":{"line":105,"column":7}},"13":{"start":{"line":114,"column":4},"end":{"line":115,"column":40}},"14":{"start":{"line":115,"column":19},"end":{"line":115,"column":38}},"15":{"start":{"line":123,"column":4},"end":{"line":123,"column":46}},"16":{"start":{"line":131,"column":16},"end":{"line":131,"column":37}},"17":{"start":{"line":132,"column":4},"end":{"line":138,"column":6}},"18":{"start":{"line":134,"column":31},"end":{"line":134,"column":66}},"19":{"start":{"line":135,"column":34},"end":{"line":135,"column":72}},"20":{"start":{"line":136,"column":33},"end":{"line":136,"column":70}},"21":{"start":{"line":137,"column":30},"end":{"line":137,"column":64}},"22":{"start":{"line":145,"column":4},"end":{"line":145,"column":26}},"23":{"start":{"line":149,"column":0},"end":{"line":149,"column":49}}},"fnMap":{"0":{"name":"(anonymous_0)","decl":{"start":{"line":21,"column":2},"end":{"line":21,"column":3}},"loc":{"start":{"line":21,"column":16},"end":{"line":23,"column":3}},"line":21},"1":{"name":"(anonymous_1)","decl":{"start":{"line":30,"column":2},"end":{"line":30,"column":3}},"loc":{"start":{"line":30,"column":22},"end":{"line":48,"column":3}},"line":30},"2":{"name":"(anonymous_2)","decl":{"start":{"line":55,"column":2},"end":{"line":55,"column":3}},"loc":{"start":{"line":55,"column":24},"end":{"line":57,"column":3}},"line":55},"3":{"name":"(anonymous_3)","decl":{"start":{"line":64,"column":2},"end":{"line":64,"column":3}},"loc":{"start":{"line":64,"column":36},"end":{"line":69,"column":3}},"line":64},"4":{"name":"(anonymous_4)","decl":{"start":{"line":75,"column":2},"end":{"line":75,"column":3}},"loc":{"start":{"line":75,"column":29},"end":{"line":80,"column":3}},"line":75},"5":{"name":"(anonymous_5)","decl":{"start":{"line":87,"column":2},"end":{"line":87,"column":3}},"loc":{"start":{"line":87,"column":39},"end":{"line":93,"column":3}},"line":87},"6":{"name":"(anonymous_6)","decl":{"start":{"line":100,"column":2},"end":{"line":100,"column":3}},"loc":{"start":{"line":100,"column":32},"end":{"line":106,"column":3}},"line":100},"7":{"name":"(anonymous_7)","decl":{"start":{"line":113,"column":2},"end":{"line":113,"column":3}},"loc":{"start":{"line":113,"column":30},"end":{"line":116,"column":3}},"line":113},"8":{"name":"(anonymous_8)","decl":{"start":{"line":115,"column":14},"end":{"line":115,"column":15}},"loc":{"start":{"line":115,"column":19},"end":{"line":115,"column":38}},"line":115},"9":{"name":"(anonymous_9)","decl":{"start":{"line":122,"column":2},"end":{"line":122,"column":3}},"loc":{"start":{"line":122,"column":19},"end":{"line":124,"column":3}},"line":122},"10":{"name":"(anonymous_10)","decl":{"start":{"line":130,"column":2},"end":{"line":130,"column":3}},"loc":{"start":{"line":130,"column":13},"end":{"line":139,"column":3}},"line":130},"11":{"name":"(anonymous_11)","decl":{"start":{"line":134,"column":26},"end":{"line":134,"column":27}},"loc":{"start":{"line":134,"column":31},"end":{"line":134,"column":66}},"line":134},"12":{"name":"(anonymous_12)","decl":{"start":{"line":135,"column":29},"end":{"line":135,"column":30}},"loc":{"start":{"line":135,"column":34},"end":{"line":135,"column":72}},"line":135},"13":{"name":"(anonymous_13)","decl":{"start":{"line":136,"column":28},"end":{"line":136,"column":29}},"loc":{"start":{"line":136,"column":33},"end":{"line":136,"column":70}},"line":136},"14":{"name":"(anonymous_14)","decl":{"start":{"line":137,"column":25},"end":{"line":137,"column":26}},"loc":{"start":{"line":137,"column":30},"end":{"line":137,"column":64}},"line":137},"15":{"name":"(anonymous_15)","decl":{"start":{"line":144,"column":2},"end":{"line":144,"column":3}},"loc":{"start":{"line":144,"column":10},"end":{"line":146,"column":3}},"line":144}},"branchMap":{"0":{"loc":{"start":{"line":34,"column":16},"end":{"line":34,"column":34}},"type":"binary-expr","locations":[{"start":{"line":34,"column":16},"end":{"line":34,"column":29}},{"start":{"line":34,"column":33},"end":{"line":34,"column":34}}],"line":34},"1":{"loc":{"start":{"line":35,"column":16},"end":{"line":35,"column":42}},"type":"binary-expr","locations":[{"start":{"line":35,"column":16},"end":{"line":35,"column":29}},{"start":{"line":35,"column":33},"end":{"line":35,"column":42}}],"line":35},"2":{"loc":{"start":{"line":36,"column":12},"end":{"line":36,"column":35}},"type":"binary-expr","locations":[{"start":{"line":36,"column":12},"end":{"line":36,"column":21}},{"start":{"line":36,"column":25},"end":{"line":36,"column":35}}],"line":36},"3":{"loc":{"start":{"line":37,"column":23},"end":{"line":37,"column":50}},"type":"binary-expr","locations":[{"start":{"line":37,"column":23},"end":{"line":37,"column":43}},{"start":{"line":37,"column":47},"end":{"line":37,"column":50}}],"line":37},"4":{"loc":{"start":{"line":56,"column":11},"end":{"line":56,"column":47}},"type":"binary-expr","locations":[{"start":{"line":56,"column":11},"end":{"line":56,"column":39}},{"start":{"line":56,"column":43},"end":{"line":56,"column":47}}],"line":56},"5":{"loc":{"start":{"line":66,"column":4},"end":{"line":68,"column":5}},"type":"if","locations":[{"start":{"line":66,"column":4},"end":{"line":68,"column":5}},{"start":{},"end":{}}],"line":66}},"s":{"0":1,"1":1,"2":14,"3":19,"4":19,"5":19,"6":3,"7":13,"8":13,"9":12,"10":6,"11":4,"12":1,"13":3,"14":9,"15":4,"16":1,"17":1,"18":3,"19":3,"20":3,"21":3,"22":1,"23":1},"f":{"0":14,"1":19,"2":3,"3":13,"4":6,"5":4,"6":1,"7":3,"8":9,"9":4,"10":1,"11":3,"12":3,"13":3,"14":3,"15":1},"b":{"0":[19,18],"1":[19,18],"2":[19,18],"3":[19,19],"4":[3,1],"5":[12,1]},"_coverageSchema":"1a1c01bbd47fc00a2c39e90264f33305004495a9","hash":"f1b8401e0b157eb3713d02ccc0fafca3a8ffd91a"}
,"/Users/truestone/Dropbox/repo/mj/졸업프로젝트/02-implementation/src-simple/schedulers/BaseScheduler.js": {"path":"/Users/truestone/Dropbox/repo/mj/졸업프로젝트/02-implementation/src-simple/schedulers/BaseScheduler.js","statementMap":{"0":{"start":{"line":9,"column":4},"end":{"line":9,"column":21}},"1":{"start":{"line":10,"column":4},"end":{"line":10,"column":20}},"2":{"start":{"line":18,"column":4},"end":{"line":18,"column":29}},"3":{"start":{"line":26,"column":4},"end":{"line":26,"column":52}},"4":{"start":{"line":34,"column":4},"end":{"line":34,"column":29}},"5":{"start":{"line":42,"column":4},"end":{"line":42,"column":35}},"6":{"start":{"line":46,"column":0},"end":{"line":46,"column":31}}},"fnMap":{"0":{"name":"(anonymous_0)","decl":{"start":{"line":8,"column":2},"end":{"line":8,"column":3}},"loc":{"start":{"line":8,"column":20},"end":{"line":11,"column":3}},"line":8},"1":{"name":"(anonymous_1)","decl":{"start":{"line":17,"column":2},"end":{"line":17,"column":3}},"loc":{"start":{"line":17,"column":19},"end":{"line":19,"column":3}},"line":17},"2":{"name":"(anonymous_2)","decl":{"start":{"line":25,"column":2},"end":{"line":25,"column":3}},"loc":{"start":{"line":25,"column":12},"end":{"line":27,"column":3}},"line":25},"3":{"name":"(anonymous_3)","decl":{"start":{"line":33,"column":2},"end":{"line":33,"column":3}},"loc":{"start":{"line":33,"column":9},"end":{"line":35,"column":3}},"line":33},"4":{"name":"(anonymous_4)","decl":{"start":{"line":41,"column":2},"end":{"line":41,"column":3}},"loc":{"start":{"line":41,"column":12},"end":{"line":43,"column":3}},"line":41}},"branchMap":{},"s":{"0":105,"1":105,"2":228,"3":1,"4":4,"5":504,"6":4},"f":{"0":105,"1":228,"2":1,"3":4,"4":504},"b":{},"_coverageSchema":"1a1c01bbd47fc00a2c39e90264f33305004495a9","hash":"1efb6863f75cdad7babf27a12d11f7d011f39c29"}
,"/Users/truestone/Dropbox/repo/mj/졸업프로젝트/02-implementation/src-simple/schedulers/FCFSScheduler.js": {"path":"/Users/truestone/Dropbox/repo/mj/졸업프로젝트/02-implementation/src-simple/schedulers/FCFSScheduler.js","statementMap":{"0":{"start":{"line":7,"column":22},"end":{"line":7,"column":48}},"1":{"start":{"line":11,"column":4},"end":{"line":11,"column":18}},"2":{"start":{"line":19,"column":4},"end":{"line":21,"column":5}},"3":{"start":{"line":20,"column":6},"end":{"line":20,"column":18}},"4":{"start":{"line":22,"column":4},"end":{"line":22,"column":30}},"5":{"start":{"line":26,"column":0},"end":{"line":26,"column":31}}},"fnMap":{"0":{"name":"(anonymous_0)","decl":{"start":{"line":10,"column":2},"end":{"line":10,"column":3}},"loc":{"start":{"line":10,"column":16},"end":{"line":12,"column":3}},"line":10},"1":{"name":"(anonymous_1)","decl":{"start":{"line":18,"column":2},"end":{"line":18,"column":3}},"loc":{"start":{"line":18,"column":12},"end":{"line":23,"column":3}},"line":18}},"branchMap":{"0":{"loc":{"start":{"line":19,"column":4},"end":{"line":21,"column":5}},"type":"if","locations":[{"start":{"line":19,"column":4},"end":{"line":21,"column":5}},{"start":{},"end":{}}],"line":19}},"s":{"0":4,"1":9,"2":225,"3":1,"4":224,"5":4},"f":{"0":9,"1":225},"b":{"0":[1,224]},"_coverageSchema":"1a1c01bbd47fc00a2c39e90264f33305004495a9","hash":"c91bbf9ad16d5d40b2e941f1c66bf834cc7aa431"}
,"/Users/truestone/Dropbox/repo/mj/졸업프로젝트/02-implementation/src-simple/schedulers/MLFQScheduler.js": {"path":"/Users/truestone/Dropbox/repo/mj/졸업프로젝트/02-implementation/src-simple/schedulers/MLFQScheduler.js","statementMap":{"0":{"start":{"line":22,"column":22},"end":{"line":22,"column":48}},"1":{"start":{"line":25,"column":21},"end":{"line":25,"column":48}},"2":{"start":{"line":26,"column":19},"end":{"line":26,"column":20}},"3":{"start":{"line":27,"column":26},"end":{"line":27,"column":30}},"4":{"start":{"line":28,"column":22},"end":{"line":28,"column":25}},"5":{"start":{"line":32,"column":2},"end":{"line":32,"column":16}},"6":{"start":{"line":34,"column":2},"end":{"line":34,"column":33}},"7":{"start":{"line":35,"column":2},"end":{"line":35,"column":28}},"8":{"start":{"line":38,"column":2},"end":{"line":38,"column":29}},"9":{"start":{"line":39,"column":2},"end":{"line":39,"column":38}},"10":{"start":{"line":40,"column":2},"end":{"line":40,"column":34}},"11":{"start":{"line":47,"column":2},"end":{"line":49,"column":24}},"12":{"start":{"line":48,"column":3},"end":{"line":48,"column":16}},"13":{"start":{"line":56,"column":2},"end":{"line":59,"column":3}},"14":{"start":{"line":57,"column":3},"end":{"line":57,"column":37}},"15":{"start":{"line":58,"column":3},"end":{"line":58,"column":29}},"16":{"start":{"line":66,"column":22},"end":{"line":66,"column":24}},"17":{"start":{"line":67,"column":2},"end":{"line":70,"column":3}},"18":{"start":{"line":67,"column":15},"end":{"line":67,"column":16}},"19":{"start":{"line":68,"column":3},"end":{"line":68,"column":39}},"20":{"start":{"line":69,"column":3},"end":{"line":69,"column":23}},"21":{"start":{"line":73,"column":2},"end":{"line":78,"column":3}},"22":{"start":{"line":74,"column":3},"end":{"line":74,"column":41}},"23":{"start":{"line":75,"column":3},"end":{"line":75,"column":30}},"24":{"start":{"line":76,"column":3},"end":{"line":76,"column":39}},"25":{"start":{"line":77,"column":3},"end":{"line":77,"column":35}},"26":{"start":{"line":81,"column":2},"end":{"line":84,"column":3}},"27":{"start":{"line":82,"column":3},"end":{"line":82,"column":26}},"28":{"start":{"line":83,"column":3},"end":{"line":83,"column":24}},"29":{"start":{"line":85,"column":2},"end":{"line":85,"column":31}},"30":{"start":{"line":92,"column":2},"end":{"line":92,"column":25}},"31":{"start":{"line":93,"column":2},"end":{"line":93,"column":23}},"32":{"start":{"line":94,"column":2},"end":{"line":95,"column":68}},"33":{"start":{"line":96,"column":2},"end":{"line":96,"column":31}},"34":{"start":{"line":104,"column":2},"end":{"line":108,"column":3}},"35":{"start":{"line":104,"column":15},"end":{"line":104,"column":16}},"36":{"start":{"line":105,"column":3},"end":{"line":107,"column":4}},"37":{"start":{"line":106,"column":4},"end":{"line":106,"column":34}},"38":{"start":{"line":109,"column":2},"end":{"line":109,"column":14}},"39":{"start":{"line":117,"column":2},"end":{"line":117,"column":32}},"40":{"start":{"line":118,"column":2},"end":{"line":118,"column":44}},"41":{"start":{"line":119,"column":2},"end":{"line":119,"column":54}},"42":{"start":{"line":128,"column":2},"end":{"line":130,"column":3}},"43":{"start":{"line":129,"column":3},"end":{"line":129,"column":15}},"44":{"start":{"line":132,"column":24},"end":{"line":132,"column":63}},"45":{"start":{"line":133,"column":28},"end":{"line":133,"column":63}},"46":{"start":{"line":134,"column":22},"end":{"line":134,"column":53}},"47":{"start":{"line":137,"column":2},"end":{"line":143,"column":3}},"48":{"start":{"line":138,"column":3},"end":{"line":142,"column":5}},"49":{"start":{"line":145,"column":2},"end":{"line":145,"column":14}},"50":{"start":{"line":153,"column":2},"end":{"line":155,"column":3}},"51":{"start":{"line":154,"column":3},"end":{"line":154,"column":10}},"52":{"start":{"line":157,"column":18},"end":{"line":157,"column":37}},"53":{"start":{"line":158,"column":24},"end":{"line":158,"column":52}},"54":{"start":{"line":161,"column":2},"end":{"line":161,"column":37}},"55":{"start":{"line":162,"column":2},"end":{"line":162,"column":23}},"56":{"start":{"line":165,"column":2},"end":{"line":165,"column":43}},"57":{"start":{"line":168,"column":2},"end":{"line":168,"column":29}},"58":{"start":{"line":169,"column":2},"end":{"line":169,"column":38}},"59":{"start":{"line":170,"column":2},"end":{"line":170,"column":34}},"60":{"start":{"line":178,"column":18},"end":{"line":178,"column":37}},"61":{"start":{"line":179,"column":2},"end":{"line":179,"column":29}},"62":{"start":{"line":180,"column":2},"end":{"line":180,"column":38}},"63":{"start":{"line":181,"column":2},"end":{"line":181,"column":34}},"64":{"start":{"line":182,"column":2},"end":{"line":182,"column":17}},"65":{"start":{"line":191,"column":2},"end":{"line":191,"column":36}},"66":{"start":{"line":194,"column":2},"end":{"line":197,"column":3}},"67":{"start":{"line":195,"column":3},"end":{"line":195,"column":73}},"68":{"start":{"line":196,"column":3},"end":{"line":196,"column":24}},"69":{"start":{"line":205,"column":16},"end":{"line":205,"column":39}},"70":{"start":{"line":206,"column":2},"end":{"line":206,"column":35}},"71":{"start":{"line":213,"column":14},"end":{"line":213,"column":63}},"72":{"start":{"line":213,"column":45},"end":{"line":213,"column":59}},"73":{"start":{"line":214,"column":2},"end":{"line":216,"column":3}},"74":{"start":{"line":215,"column":3},"end":{"line":215,"column":14}},"75":{"start":{"line":217,"column":2},"end":{"line":217,"column":15}},"76":{"start":{"line":224,"column":2},"end":{"line":226,"column":3}},"77":{"start":{"line":225,"column":3},"end":{"line":225,"column":16}},"78":{"start":{"line":227,"column":2},"end":{"line":227,"column":50}},"79":{"start":{"line":227,"column":34},"end":{"line":227,"column":48}},"80":{"start":{"line":235,"column":2},"end":{"line":235,"column":29}},"81":{"start":{"line":243,"column":2},"end":{"line":245,"column":3}},"82":{"start":{"line":244,"column":3},"end":{"line":244,"column":12}},"83":{"start":{"line":247,"column":28},"end":{"line":247,"column":63}},"84":{"start":{"line":248,"column":22},"end":{"line":248,"column":53}},"85":{"start":{"line":249,"column":2},"end":{"line":249,"column":51}},"86":{"start":{"line":253,"column":0},"end":{"line":253,"column":76}}},"fnMap":{"0":{"name":"(anonymous_0)","decl":{"start":{"line":31,"column":1},"end":{"line":31,"column":2}},"loc":{"start":{"line":31,"column":15},"end":{"line":41,"column":2}},"line":31},"1":{"name":"(anonymous_1)","decl":{"start":{"line":46,"column":1},"end":{"line":46,"column":2}},"loc":{"start":{"line":46,"column":17},"end":{"line":50,"column":2}},"line":46},"2":{"name":"(anonymous_2)","decl":{"start":{"line":47,"column":35},"end":{"line":47,"column":36}},"loc":{"start":{"line":47,"column":41},"end":{"line":49,"column":3}},"line":47},"3":{"name":"(anonymous_3)","decl":{"start":{"line":55,"column":1},"end":{"line":55,"column":2}},"loc":{"start":{"line":55,"column":16},"end":{"line":60,"column":2}},"line":55},"4":{"name":"(anonymous_4)","decl":{"start":{"line":65,"column":1},"end":{"line":65,"column":2}},"loc":{"start":{"line":65,"column":9},"end":{"line":86,"column":2}},"line":65},"5":{"name":"(anonymous_5)","decl":{"start":{"line":91,"column":1},"end":{"line":91,"column":2}},"loc":{"start":{"line":91,"column":18},"end":{"line":97,"column":2}},"line":91},"6":{"name":"(anonymous_6)","decl":{"start":{"line":103,"column":1},"end":{"line":103,"column":2}},"loc":{"start":{"line":103,"column":11},"end":{"line":110,"column":2}},"line":103},"7":{"name":"(anonymous_7)","decl":{"start":{"line":116,"column":1},"end":{"line":116,"column":2}},"loc":{"start":{"line":116,"column":26},"end":{"line":120,"column":2}},"line":116},"8":{"name":"(anonymous_8)","decl":{"start":{"line":127,"column":1},"end":{"line":127,"column":2}},"loc":{"start":{"line":127,"column":28},"end":{"line":146,"column":2}},"line":127},"9":{"name":"(anonymous_9)","decl":{"start":{"line":152,"column":1},"end":{"line":152,"column":2}},"loc":{"start":{"line":152,"column":25},"end":{"line":171,"column":2}},"line":152},"10":{"name":"(anonymous_10)","decl":{"start":{"line":177,"column":1},"end":{"line":177,"column":2}},"loc":{"start":{"line":177,"column":26},"end":{"line":183,"column":2}},"line":177},"11":{"name":"(anonymous_11)","decl":{"start":{"line":190,"column":1},"end":{"line":190,"column":2}},"loc":{"start":{"line":190,"column":34},"end":{"line":198,"column":2}},"line":190},"12":{"name":"(anonymous_12)","decl":{"start":{"line":204,"column":1},"end":{"line":204,"column":2}},"loc":{"start":{"line":204,"column":18},"end":{"line":207,"column":2}},"line":204},"13":{"name":"(anonymous_13)","decl":{"start":{"line":212,"column":1},"end":{"line":212,"column":2}},"loc":{"start":{"line":212,"column":8},"end":{"line":218,"column":2}},"line":212},"14":{"name":"(anonymous_14)","decl":{"start":{"line":213,"column":33},"end":{"line":213,"column":34}},"loc":{"start":{"line":213,"column":45},"end":{"line":213,"column":59}},"line":213},"15":{"name":"(anonymous_15)","decl":{"start":{"line":223,"column":1},"end":{"line":223,"column":2}},"loc":{"start":{"line":223,"column":11},"end":{"line":228,"column":2}},"line":223},"16":{"name":"(anonymous_16)","decl":{"start":{"line":227,"column":27},"end":{"line":227,"column":28}},"loc":{"start":{"line":227,"column":34},"end":{"line":227,"column":48}},"line":227},"17":{"name":"(anonymous_17)","decl":{"start":{"line":234,"column":1},"end":{"line":234,"column":2}},"loc":{"start":{"line":234,"column":21},"end":{"line":236,"column":2}},"line":234},"18":{"name":"(anonymous_18)","decl":{"start":{"line":242,"column":1},"end":{"line":242,"column":2}},"loc":{"start":{"line":242,"column":20},"end":{"line":250,"column":2}},"line":242}},"branchMap":{"0":{"loc":{"start":{"line":56,"column":2},"end":{"line":59,"column":3}},"type":"if","locations":[{"start":{"line":56,"column":2},"end":{"line":59,"column":3}},{"start":{},"end":{}}],"line":56},"1":{"loc":{"start":{"line":73,"column":2},"end":{"line":78,"column":3}},"type":"if","locations":[{"start":{"line":73,"column":2},"end":{"line":78,"column":3}},{"start":{},"end":{}}],"line":73},"2":{"loc":{"start":{"line":95,"column":3},"end":{"line":95,"column":67}},"type":"cond-expr","locations":[{"start":{"line":95,"column":37},"end":{"line":95,"column":54}},{"start":{"line":95,"column":57},"end":{"line":95,"column":67}}],"line":95},"3":{"loc":{"start":{"line":105,"column":3},"end":{"line":107,"column":4}},"type":"if","locations":[{"start":{"line":105,"column":3},"end":{"line":107,"column":4}},{"start":{},"end":{}}],"line":105},"4":{"loc":{"start":{"line":119,"column":32},"end":{"line":119,"column":53}},"type":"binary-expr","locations":[{"start":{"line":119,"column":32},"end":{"line":119,"column":48}},{"start":{"line":119,"column":52},"end":{"line":119,"column":53}}],"line":119},"5":{"loc":{"start":{"line":128,"column":2},"end":{"line":130,"column":3}},"type":"if","locations":[{"start":{"line":128,"column":2},"end":{"line":130,"column":3}},{"start":{},"end":{}}],"line":128},"6":{"loc":{"start":{"line":133,"column":28},"end":{"line":133,"column":63}},"type":"binary-expr","locations":[{"start":{"line":133,"column":28},"end":{"line":133,"column":58}},{"start":{"line":133,"column":62},"end":{"line":133,"column":63}}],"line":133},"7":{"loc":{"start":{"line":137,"column":2},"end":{"line":143,"column":3}},"type":"if","locations":[{"start":{"line":137,"column":2},"end":{"line":143,"column":3}},{"start":{},"end":{}}],"line":137},"8":{"loc":{"start":{"line":137,"column":6},"end":{"line":137,"column":62}},"type":"binary-expr","locations":[{"start":{"line":137,"column":6},"end":{"line":137,"column":34}},{"start":{"line":137,"column":38},"end":{"line":137,"column":62}}],"line":137},"9":{"loc":{"start":{"line":153,"column":2},"end":{"line":155,"column":3}},"type":"if","locations":[{"start":{"line":153,"column":2},"end":{"line":155,"column":3}},{"start":{},"end":{}}],"line":153},"10":{"loc":{"start":{"line":194,"column":2},"end":{"line":197,"column":3}},"type":"if","locations":[{"start":{"line":194,"column":2},"end":{"line":197,"column":3}},{"start":{},"end":{}}],"line":194},"11":{"loc":{"start":{"line":205,"column":16},"end":{"line":205,"column":39}},"type":"binary-expr","locations":[{"start":{"line":205,"column":16},"end":{"line":205,"column":34}},{"start":{"line":205,"column":38},"end":{"line":205,"column":39}}],"line":205},"12":{"loc":{"start":{"line":214,"column":2},"end":{"line":216,"column":3}},"type":"if","locations":[{"start":{"line":214,"column":2},"end":{"line":216,"column":3}},{"start":{},"end":{}}],"line":214},"13":{"loc":{"start":{"line":224,"column":2},"end":{"line":226,"column":3}},"type":"if","locations":[{"start":{"line":224,"column":2},"end":{"line":226,"column":3}},{"start":{},"end":{}}],"line":224},"14":{"loc":{"start":{"line":243,"column":2},"end":{"line":245,"column":3}},"type":"if","locations":[{"start":{"line":243,"column":2},"end":{"line":245,"column":3}},{"start":{},"end":{}}],"line":243},"15":{"loc":{"start":{"line":247,"column":28},"end":{"line":247,"column":63}},"type":"binary-expr","locations":[{"start":{"line":247,"column":28},"end":{"line":247,"column":58}},{"start":{"line":247,"column":62},"end":{"line":247,"column":63}}],"line":247}},"s":{"0":4,"1":4,"2":4,"3":4,"4":4,"5":72,"6":72,"7":72,"8":72,"9":72,"10":72,"11":1,"12":0,"13":67,"14":1,"15":1,"16":131,"17":131,"18":131,"19":524,"20":524,"21":131,"22":8,"23":8,"24":8,"25":8,"26":131,"27":5238,"28":5238,"29":131,"30":340,"31":340,"32":340,"33":340,"34":1260,"35":1260,"36":1302,"37":1258,"38":2,"39":1265,"40":1265,"41":1265,"42":1286,"43":1,"44":1285,"45":1285,"46":1285,"47":1285,"48":923,"49":362,"50":912,"51":1,"52":911,"53":911,"54":911,"55":911,"56":911,"57":911,"58":911,"59":911,"60":332,"61":332,"62":332,"63":332,"64":332,"65":12,"66":12,"67":6,"68":6,"69":4,"70":4,"71":3,"72":12,"73":3,"74":1,"75":3,"76":7,"77":1,"78":6,"79":20,"80":2552,"81":6,"82":1,"83":5,"84":5,"85":5,"86":4},"f":{"0":72,"1":1,"2":0,"3":67,"4":131,"5":340,"6":1260,"7":1265,"8":1286,"9":912,"10":332,"11":12,"12":4,"13":3,"14":12,"15":7,"16":20,"17":2552,"18":6},"b":{"0":[1,66],"1":[8,123],"2":[320,20],"3":[1258,44],"4":[1265,1252],"5":[1,1285],"6":[1285,1221],"7":[923,362],"8":[1285,923],"9":[1,911],"10":[6,6],"11":[4,2],"12":[1,2],"13":[1,6],"14":[1,5],"15":[5,2]},"_coverageSchema":"1a1c01bbd47fc00a2c39e90264f33305004495a9","hash":"135022e2538b01d97d0290838238d8f614758cac"}
,"/Users/truestone/Dropbox/repo/mj/졸업프로젝트/02-implementation/src-simple/schedulers/PriorityScheduler.js": {"path":"/Users/truestone/Dropbox/repo/mj/졸업프로젝트/02-implementation/src-simple/schedulers/PriorityScheduler.js","statementMap":{"0":{"start":{"line":8,"column":22},"end":{"line":8,"column":48}},"1":{"start":{"line":11,"column":17},"end":{"line":16,"column":1}},"2":{"start":{"line":19,"column":26},"end":{"line":19,"column":30}},"3":{"start":{"line":20,"column":24},"end":{"line":20,"column":25}},"4":{"start":{"line":24,"column":4},"end":{"line":24,"column":22}},"5":{"start":{"line":25,"column":4},"end":{"line":25,"column":30}},"6":{"start":{"line":32,"column":4},"end":{"line":34,"column":26}},"7":{"start":{"line":33,"column":6},"end":{"line":33,"column":24}},"8":{"start":{"line":41,"column":4},"end":{"line":44,"column":5}},"9":{"start":{"line":42,"column":6},"end":{"line":42,"column":40}},"10":{"start":{"line":43,"column":6},"end":{"line":43,"column":32}},"11":{"start":{"line":51,"column":16},"end":{"line":51,"column":26}},"12":{"start":{"line":52,"column":4},"end":{"line":61,"column":5}},"13":{"start":{"line":53,"column":23},"end":{"line":53,"column":46}},"14":{"start":{"line":55,"column":6},"end":{"line":60,"column":7}},"15":{"start":{"line":56,"column":8},"end":{"line":59,"column":10}},"16":{"start":{"line":68,"column":4},"end":{"line":68,"column":68}},"17":{"start":{"line":69,"column":4},"end":{"line":69,"column":89}},"18":{"start":{"line":70,"column":4},"end":{"line":70,"column":29}},"19":{"start":{"line":78,"column":4},"end":{"line":80,"column":5}},"20":{"start":{"line":79,"column":6},"end":{"line":79,"column":18}},"21":{"start":{"line":83,"column":21},"end":{"line":83,"column":22}},"22":{"start":{"line":84,"column":26},"end":{"line":84,"column":57}},"23":{"start":{"line":86,"column":4},"end":{"line":91,"column":5}},"24":{"start":{"line":86,"column":17},"end":{"line":86,"column":18}},"25":{"start":{"line":87,"column":6},"end":{"line":90,"column":7}},"26":{"start":{"line":88,"column":8},"end":{"line":88,"column":58}},"27":{"start":{"line":89,"column":8},"end":{"line":89,"column":23}},"28":{"start":{"line":94,"column":4},"end":{"line":94,"column":47}},"29":{"start":{"line":98,"column":0},"end":{"line":98,"column":49}}},"fnMap":{"0":{"name":"(anonymous_0)","decl":{"start":{"line":23,"column":2},"end":{"line":23,"column":3}},"loc":{"start":{"line":23,"column":16},"end":{"line":26,"column":3}},"line":23},"1":{"name":"(anonymous_1)","decl":{"start":{"line":31,"column":2},"end":{"line":31,"column":3}},"loc":{"start":{"line":31,"column":15},"end":{"line":35,"column":3}},"line":31},"2":{"name":"(anonymous_2)","decl":{"start":{"line":32,"column":37},"end":{"line":32,"column":38}},"loc":{"start":{"line":32,"column":43},"end":{"line":34,"column":5}},"line":32},"3":{"name":"(anonymous_3)","decl":{"start":{"line":40,"column":2},"end":{"line":40,"column":3}},"loc":{"start":{"line":40,"column":14},"end":{"line":45,"column":3}},"line":40},"4":{"name":"(anonymous_4)","decl":{"start":{"line":50,"column":2},"end":{"line":50,"column":3}},"loc":{"start":{"line":50,"column":15},"end":{"line":62,"column":3}},"line":50},"5":{"name":"(anonymous_5)","decl":{"start":{"line":67,"column":2},"end":{"line":67,"column":3}},"loc":{"start":{"line":67,"column":19},"end":{"line":71,"column":3}},"line":67},"6":{"name":"(anonymous_6)","decl":{"start":{"line":77,"column":2},"end":{"line":77,"column":3}},"loc":{"start":{"line":77,"column":12},"end":{"line":95,"column":3}},"line":77}},"branchMap":{"0":{"loc":{"start":{"line":41,"column":4},"end":{"line":44,"column":5}},"type":"if","locations":[{"start":{"line":41,"column":4},"end":{"line":44,"column":5}},{"start":{},"end":{}}],"line":41},"1":{"loc":{"start":{"line":55,"column":6},"end":{"line":60,"column":7}},"type":"if","locations":[{"start":{"line":55,"column":6},"end":{"line":60,"column":7}},{"start":{},"end":{}}],"line":55},"2":{"loc":{"start":{"line":55,"column":10},"end":{"line":55,"column":86}},"type":"binary-expr","locations":[{"start":{"line":55,"column":10},"end":{"line":55,"column":39}},{"start":{"line":55,"column":43},"end":{"line":55,"column":86}}],"line":55},"3":{"loc":{"start":{"line":68,"column":32},"end":{"line":68,"column":67}},"type":"binary-expr","locations":[{"start":{"line":68,"column":32},"end":{"line":68,"column":48}},{"start":{"line":68,"column":52},"end":{"line":68,"column":67}}],"line":68},"4":{"loc":{"start":{"line":69,"column":24},"end":{"line":69,"column":88}},"type":"cond-expr","locations":[{"start":{"line":69,"column":58},"end":{"line":69,"column":75}},{"start":{"line":69,"column":78},"end":{"line":69,"column":88}}],"line":69},"5":{"loc":{"start":{"line":78,"column":4},"end":{"line":80,"column":5}},"type":"if","locations":[{"start":{"line":78,"column":4},"end":{"line":80,"column":5}},{"start":{},"end":{}}],"line":78},"6":{"loc":{"start":{"line":87,"column":6},"end":{"line":90,"column":7}},"type":"if","locations":[{"start":{"line":87,"column":6},"end":{"line":90,"column":7}},{"start":{},"end":{}}],"line":87}},"s":{"0":4,"1":4,"2":4,"3":4,"4":10,"5":10,"6":1,"7":0,"8":12,"9":1,"10":1,"11":3,"12":3,"13":3,"14":3,"15":1,"16":12,"17":12,"18":12,"19":7,"20":1,"21":6,"22":6,"23":6,"24":6,"25":5,"26":3,"27":3,"28":6,"29":4},"f":{"0":10,"1":1,"2":0,"3":12,"4":3,"5":12,"6":7},"b":{"0":[1,11],"1":[1,2],"2":[3,2],"3":[12,1],"4":[4,8],"5":[1,6],"6":[3,2]},"_coverageSchema":"1a1c01bbd47fc00a2c39e90264f33305004495a9","hash":"c001b33c7f3f8373d2b7f61b9ba875334a305e94"}
,"/Users/truestone/Dropbox/repo/mj/졸업프로젝트/02-implementation/src-simple/schedulers/WFQScheduler.js": {"path":"/Users/truestone/Dropbox/repo/mj/졸업프로젝트/02-implementation/src-simple/schedulers/WFQScheduler.js","statementMap":{"0":{"start":{"line":16,"column":22},"end":{"line":16,"column":48}},"1":{"start":{"line":19,"column":24},"end":{"line":24,"column":1}},"2":{"start":{"line":28,"column":4},"end":{"line":28,"column":17}},"3":{"start":{"line":30,"column":4},"end":{"line":30,"column":29}},"4":{"start":{"line":31,"column":4},"end":{"line":31,"column":31}},"5":{"start":{"line":40,"column":19},"end":{"line":40,"column":68}},"6":{"start":{"line":41,"column":4},"end":{"line":46,"column":7}},"7":{"start":{"line":53,"column":21},"end":{"line":53,"column":50}},"8":{"start":{"line":56,"column":4},"end":{"line":58,"column":5}},"9":{"start":{"line":57,"column":6},"end":{"line":57,"column":64}},"10":{"start":{"line":61,"column":19},"end":{"line":61,"column":45}},"11":{"start":{"line":62,"column":22},"end":{"line":62,"column":74}},"12":{"start":{"line":63,"column":24},"end":{"line":63,"column":54}},"13":{"start":{"line":64,"column":4},"end":{"line":64,"column":74}},"14":{"start":{"line":65,"column":4},"end":{"line":65,"column":32}},"15":{"start":{"line":66,"column":4},"end":{"line":66,"column":89}},"16":{"start":{"line":68,"column":4},"end":{"line":68,"column":29}},"17":{"start":{"line":76,"column":4},"end":{"line":78,"column":5}},"18":{"start":{"line":77,"column":6},"end":{"line":77,"column":18}},"19":{"start":{"line":81,"column":17},"end":{"line":81,"column":18}},"20":{"start":{"line":82,"column":17},"end":{"line":82,"column":48}},"21":{"start":{"line":84,"column":4},"end":{"line":89,"column":5}},"22":{"start":{"line":84,"column":17},"end":{"line":84,"column":18}},"23":{"start":{"line":85,"column":6},"end":{"line":88,"column":7}},"24":{"start":{"line":86,"column":8},"end":{"line":86,"column":49}},"25":{"start":{"line":87,"column":8},"end":{"line":87,"column":19}},"26":{"start":{"line":91,"column":20},"end":{"line":91,"column":51}},"27":{"start":{"line":94,"column":19},"end":{"line":94,"column":53}},"28":{"start":{"line":95,"column":4},"end":{"line":99,"column":5}},"29":{"start":{"line":96,"column":6},"end":{"line":96,"column":53}},"30":{"start":{"line":97,"column":6},"end":{"line":97,"column":25}},"31":{"start":{"line":98,"column":6},"end":{"line":98,"column":84}},"32":{"start":{"line":101,"column":4},"end":{"line":101,"column":19}},"33":{"start":{"line":114,"column":23},"end":{"line":114,"column":56}},"34":{"start":{"line":115,"column":4},"end":{"line":115,"column":42}},"35":{"start":{"line":115,"column":33},"end":{"line":115,"column":42}},"36":{"start":{"line":118,"column":34},"end":{"line":120,"column":39}},"37":{"start":{"line":119,"column":19},"end":{"line":119,"column":34}},"38":{"start":{"line":120,"column":16},"end":{"line":120,"column":38}},"39":{"start":{"line":122,"column":4},"end":{"line":122,"column":53}},"40":{"start":{"line":122,"column":44},"end":{"line":122,"column":53}},"41":{"start":{"line":124,"column":14},"end":{"line":124,"column":42}},"42":{"start":{"line":125,"column":16},"end":{"line":125,"column":64}},"43":{"start":{"line":125,"column":55},"end":{"line":125,"column":60}},"44":{"start":{"line":126,"column":23},"end":{"line":126,"column":75}},"45":{"start":{"line":126,"column":62},"end":{"line":126,"column":71}},"46":{"start":{"line":129,"column":4},"end":{"line":129,"column":42}},"47":{"start":{"line":137,"column":18},"end":{"line":137,"column":20}},"48":{"start":{"line":138,"column":4},"end":{"line":145,"column":5}},"49":{"start":{"line":139,"column":6},"end":{"line":144,"column":8}},"50":{"start":{"line":146,"column":4},"end":{"line":150,"column":6}},"51":{"start":{"line":154,"column":0},"end":{"line":154,"column":51}}},"fnMap":{"0":{"name":"(anonymous_0)","decl":{"start":{"line":27,"column":2},"end":{"line":27,"column":3}},"loc":{"start":{"line":27,"column":16},"end":{"line":32,"column":3}},"line":27},"1":{"name":"(anonymous_1)","decl":{"start":{"line":39,"column":2},"end":{"line":39,"column":3}},"loc":{"start":{"line":39,"column":46},"end":{"line":47,"column":3}},"line":39},"2":{"name":"(anonymous_2)","decl":{"start":{"line":52,"column":2},"end":{"line":52,"column":3}},"loc":{"start":{"line":52,"column":19},"end":{"line":69,"column":3}},"line":52},"3":{"name":"(anonymous_3)","decl":{"start":{"line":75,"column":2},"end":{"line":75,"column":3}},"loc":{"start":{"line":75,"column":12},"end":{"line":102,"column":3}},"line":75},"4":{"name":"(anonymous_4)","decl":{"start":{"line":113,"column":2},"end":{"line":113,"column":3}},"loc":{"start":{"line":113,"column":27},"end":{"line":130,"column":3}},"line":113},"5":{"name":"(anonymous_5)","decl":{"start":{"line":119,"column":14},"end":{"line":119,"column":15}},"loc":{"start":{"line":119,"column":19},"end":{"line":119,"column":34}},"line":119},"6":{"name":"(anonymous_6)","decl":{"start":{"line":120,"column":11},"end":{"line":120,"column":12}},"loc":{"start":{"line":120,"column":16},"end":{"line":120,"column":38}},"line":120},"7":{"name":"(anonymous_7)","decl":{"start":{"line":125,"column":45},"end":{"line":125,"column":46}},"loc":{"start":{"line":125,"column":55},"end":{"line":125,"column":60}},"line":125},"8":{"name":"(anonymous_8)","decl":{"start":{"line":126,"column":52},"end":{"line":126,"column":53}},"loc":{"start":{"line":126,"column":62},"end":{"line":126,"column":71}},"line":126},"9":{"name":"(anonymous_9)","decl":{"start":{"line":136,"column":2},"end":{"line":136,"column":3}},"loc":{"start":{"line":136,"column":13},"end":{"line":151,"column":3}},"line":136}},"branchMap":{"0":{"loc":{"start":{"line":39,"column":27},"end":{"line":39,"column":44}},"type":"default-arg","locations":[{"start":{"line":39,"column":34},"end":{"line":39,"column":44}}],"line":39},"1":{"loc":{"start":{"line":40,"column":19},"end":{"line":40,"column":68}},"type":"binary-expr","locations":[{"start":{"line":40,"column":19},"end":{"line":40,"column":40}},{"start":{"line":40,"column":44},"end":{"line":40,"column":68}}],"line":40},"2":{"loc":{"start":{"line":53,"column":21},"end":{"line":53,"column":50}},"type":"binary-expr","locations":[{"start":{"line":53,"column":21},"end":{"line":53,"column":37}},{"start":{"line":53,"column":41},"end":{"line":53,"column":50}}],"line":53},"3":{"loc":{"start":{"line":56,"column":4},"end":{"line":58,"column":5}},"type":"if","locations":[{"start":{"line":56,"column":4},"end":{"line":58,"column":5}},{"start":{},"end":{}}],"line":56},"4":{"loc":{"start":{"line":57,"column":36},"end":{"line":57,"column":62}},"type":"binary-expr","locations":[{"start":{"line":57,"column":36},"end":{"line":57,"column":48}},{"start":{"line":57,"column":52},"end":{"line":57,"column":62}}],"line":57},"5":{"loc":{"start":{"line":63,"column":24},"end":{"line":63,"column":54}},"type":"binary-expr","locations":[{"start":{"line":63,"column":24},"end":{"line":63,"column":47}},{"start":{"line":63,"column":51},"end":{"line":63,"column":54}}],"line":63},"6":{"loc":{"start":{"line":66,"column":24},"end":{"line":66,"column":88}},"type":"cond-expr","locations":[{"start":{"line":66,"column":58},"end":{"line":66,"column":75}},{"start":{"line":66,"column":78},"end":{"line":66,"column":88}}],"line":66},"7":{"loc":{"start":{"line":76,"column":4},"end":{"line":78,"column":5}},"type":"if","locations":[{"start":{"line":76,"column":4},"end":{"line":78,"column":5}},{"start":{},"end":{}}],"line":76},"8":{"loc":{"start":{"line":85,"column":6},"end":{"line":88,"column":7}},"type":"if","locations":[{"start":{"line":85,"column":6},"end":{"line":88,"column":7}},{"start":{},"end":{}}],"line":85},"9":{"loc":{"start":{"line":95,"column":4},"end":{"line":99,"column":5}},"type":"if","locations":[{"start":{"line":95,"column":4},"end":{"line":99,"column":5}},{"start":{},"end":{}}],"line":95},"10":{"loc":{"start":{"line":115,"column":4},"end":{"line":115,"column":42}},"type":"if","locations":[{"start":{"line":115,"column":4},"end":{"line":115,"column":42}},{"start":{},"end":{}}],"line":115},"11":{"loc":{"start":{"line":122,"column":4},"end":{"line":122,"column":53}},"type":"if","locations":[{"start":{"line":122,"column":4},"end":{"line":122,"column":53}},{"start":{},"end":{}}],"line":122}},"s":{"0":4,"1":4,"2":12,"3":12,"4":12,"5":14,"6":14,"7":26,"8":26,"9":6,"10":26,"11":26,"12":26,"13":26,"14":26,"15":26,"16":26,"17":23,"18":1,"19":22,"20":22,"21":22,"22":22,"23":191,"24":10,"25":10,"26":22,"27":22,"28":22,"29":22,"30":22,"31":22,"32":22,"33":4,"34":4,"35":1,"36":3,"37":5,"38":3,"39":3,"40":1,"41":2,"42":2,"43":3,"44":2,"45":3,"46":2,"47":1,"48":1,"49":1,"50":1,"51":4},"f":{"0":12,"1":14,"2":26,"3":23,"4":4,"5":5,"6":3,"7":3,"8":3,"9":1},"b":{"0":[1],"1":[14,1],"2":[26,1],"3":[6,20],"4":[6,2],"5":[26,3],"6":[1,25],"7":[1,22],"8":[10,181],"9":[22,0],"10":[1,3],"11":[1,2]},"_coverageSchema":"1a1c01bbd47fc00a2c39e90264f33305004495a9","hash":"29a06adcc30289cd7c4f25fb7a3b4b31b52139c2"}
,"/Users/truestone/Dropbox/repo/mj/졸업프로젝트/02-implementation/src-simple/schedulers/index.js": {"path":"/Users/truestone/Dropbox/repo/mj/졸업프로젝트/02-implementation/src-simple/schedulers/index.js","statementMap":{"0":{"start":{"line":4,"column":22},"end":{"line":4,"column":48}},"1":{"start":{"line":5,"column":22},"end":{"line":5,"column":48}},"2":{"start":{"line":6,"column":40},"end":{"line":6,"column":70}},"3":{"start":{"line":7,"column":52},"end":{"line":7,"column":78}},"4":{"start":{"line":8,"column":42},"end":{"line":8,"column":67}},"5":{"start":{"line":10,"column":0},"end":{"line":20,"column":2}}},"fnMap":{},"branchMap":{},"s":{"0":4,"1":4,"2":4,"3":4,"4":4,"5":4},"f":{},"b":{},"_coverageSchema":"1a1c01bbd47fc00a2c39e90264f33305004495a9","hash":"d4ad430c0720231417e18f48a0c03a245c4e5bb8"}
,"/Users/truestone/Dropbox/repo/mj/졸업프로젝트/02-implementation/src-simple/storage/JSONStore.js": {"path":"/Users/truestone/Dropbox/repo/mj/졸업프로젝트/02-implementation/src-simple/storage/JSONStore.js","statementMap":{"0":{"start":{"line":7,"column":11},"end":{"line":7,"column":24}},"1":{"start":{"line":8,"column":13},"end":{"line":8,"column":28}},"2":{"start":{"line":13,"column":4},"end":{"line":13,"column":65}},"3":{"start":{"line":14,"column":4},"end":{"line":14,"column":65}},"4":{"start":{"line":15,"column":4},"end":{"line":15,"column":69}},"5":{"start":{"line":23,"column":4},"end":{"line":25,"column":5}},"6":{"start":{"line":24,"column":6},"end":{"line":24,"column":54}},"7":{"start":{"line":28,"column":4},"end":{"line":30,"column":5}},"8":{"start":{"line":29,"column":6},"end":{"line":29,"column":41}},"9":{"start":{"line":33,"column":4},"end":{"line":35,"column":5}},"10":{"start":{"line":34,"column":6},"end":{"line":34,"column":42}},"11":{"start":{"line":42,"column":4},"end":{"line":47,"column":5}},"12":{"start":{"line":43,"column":19},"end":{"line":43,"column":53}},"13":{"start":{"line":44,"column":6},"end":{"line":44,"column":30}},"14":{"start":{"line":46,"column":6},"end":{"line":46,"column":16}},"15":{"start":{"line":54,"column":4},"end":{"line":54,"column":71}},"16":{"start":{"line":63,"column":17},"end":{"line":63,"column":46}},"17":{"start":{"line":65,"column":21},"end":{"line":65,"column":85}},"18":{"start":{"line":66,"column":27},"end":{"line":68,"column":12}},"19":{"start":{"line":70,"column":4},"end":{"line":85,"column":7}},"20":{"start":{"line":87,"column":4},"end":{"line":87,"column":41}},"21":{"start":{"line":96,"column":21},"end":{"line":96,"column":51}},"22":{"start":{"line":98,"column":4},"end":{"line":105,"column":7}},"23":{"start":{"line":107,"column":4},"end":{"line":107,"column":46}},"24":{"start":{"line":116,"column":17},"end":{"line":116,"column":46}},"25":{"start":{"line":118,"column":4},"end":{"line":120,"column":23}},"26":{"start":{"line":119,"column":22},"end":{"line":119,"column":47}},"27":{"start":{"line":129,"column":17},"end":{"line":129,"column":46}},"28":{"start":{"line":130,"column":23},"end":{"line":130,"column":68}},"29":{"start":{"line":130,"column":42},"end":{"line":130,"column":67}},"30":{"start":{"line":132,"column":4},"end":{"line":134,"column":5}},"31":{"start":{"line":133,"column":6},"end":{"line":133,"column":89}},"32":{"start":{"line":136,"column":22},"end":{"line":136,"column":70}},"33":{"start":{"line":136,"column":45},"end":{"line":136,"column":69}},"34":{"start":{"line":137,"column":19},"end":{"line":137,"column":64}},"35":{"start":{"line":137,"column":42},"end":{"line":137,"column":63}},"36":{"start":{"line":139,"column":24},"end":{"line":141,"column":9}},"37":{"start":{"line":140,"column":37},"end":{"line":140,"column":60}},"38":{"start":{"line":143,"column":30},"end":{"line":145,"column":9}},"39":{"start":{"line":144,"column":37},"end":{"line":144,"column":66}},"40":{"start":{"line":147,"column":4},"end":{"line":153,"column":6}},"41":{"start":{"line":161,"column":17},"end":{"line":161,"column":46}},"42":{"start":{"line":162,"column":26},"end":{"line":162,"column":68}},"43":{"start":{"line":162,"column":43},"end":{"line":162,"column":67}},"44":{"start":{"line":165,"column":20},"end":{"line":165,"column":22}},"45":{"start":{"line":166,"column":4},"end":{"line":172,"column":5}},"46":{"start":{"line":167,"column":19},"end":{"line":167,"column":49}},"47":{"start":{"line":168,"column":6},"end":{"line":170,"column":7}},"48":{"start":{"line":169,"column":8},"end":{"line":169,"column":27}},"49":{"start":{"line":171,"column":6},"end":{"line":171,"column":30}},"50":{"start":{"line":175,"column":4},"end":{"line":180,"column":8}},"51":{"start":{"line":175,"column":62},"end":{"line":180,"column":5}},"52":{"start":{"line":178,"column":47},"end":{"line":178,"column":70}},"53":{"start":{"line":179,"column":53},"end":{"line":179,"column":82}},"54":{"start":{"line":194,"column":4},"end":{"line":194,"column":39}},"55":{"start":{"line":195,"column":4},"end":{"line":195,"column":40}},"56":{"start":{"line":199,"column":0},"end":{"line":199,"column":27}}},"fnMap":{"0":{"name":"(anonymous_0)","decl":{"start":{"line":11,"column":2},"end":{"line":11,"column":3}},"loc":{"start":{"line":11,"column":30},"end":{"line":16,"column":3}},"line":11},"1":{"name":"(anonymous_1)","decl":{"start":{"line":21,"column":2},"end":{"line":21,"column":3}},"loc":{"start":{"line":21,"column":15},"end":{"line":36,"column":3}},"line":21},"2":{"name":"(anonymous_2)","decl":{"start":{"line":41,"column":2},"end":{"line":41,"column":3}},"loc":{"start":{"line":41,"column":22},"end":{"line":48,"column":3}},"line":41},"3":{"name":"(anonymous_3)","decl":{"start":{"line":53,"column":2},"end":{"line":53,"column":3}},"loc":{"start":{"line":53,"column":29},"end":{"line":55,"column":3}},"line":53},"4":{"name":"(anonymous_4)","decl":{"start":{"line":62,"column":2},"end":{"line":62,"column":3}},"loc":{"start":{"line":62,"column":41},"end":{"line":88,"column":3}},"line":62},"5":{"name":"(anonymous_5)","decl":{"start":{"line":95,"column":2},"end":{"line":95,"column":3}},"loc":{"start":{"line":95,"column":43},"end":{"line":108,"column":3}},"line":95},"6":{"name":"(anonymous_6)","decl":{"start":{"line":115,"column":2},"end":{"line":115,"column":3}},"loc":{"start":{"line":115,"column":29},"end":{"line":121,"column":3}},"line":115},"7":{"name":"(anonymous_7)","decl":{"start":{"line":119,"column":12},"end":{"line":119,"column":13}},"loc":{"start":{"line":119,"column":22},"end":{"line":119,"column":47}},"line":119},"8":{"name":"(anonymous_8)","decl":{"start":{"line":128,"column":2},"end":{"line":128,"column":3}},"loc":{"start":{"line":128,"column":27},"end":{"line":154,"column":3}},"line":128},"9":{"name":"(anonymous_9)","decl":{"start":{"line":130,"column":35},"end":{"line":130,"column":36}},"loc":{"start":{"line":130,"column":42},"end":{"line":130,"column":67}},"line":130},"10":{"name":"(anonymous_10)","decl":{"start":{"line":136,"column":40},"end":{"line":136,"column":41}},"loc":{"start":{"line":136,"column":45},"end":{"line":136,"column":69}},"line":136},"11":{"name":"(anonymous_11)","decl":{"start":{"line":137,"column":37},"end":{"line":137,"column":38}},"loc":{"start":{"line":137,"column":42},"end":{"line":137,"column":63}},"line":137},"12":{"name":"(anonymous_12)","decl":{"start":{"line":140,"column":25},"end":{"line":140,"column":26}},"loc":{"start":{"line":140,"column":37},"end":{"line":140,"column":60}},"line":140},"13":{"name":"(anonymous_13)","decl":{"start":{"line":144,"column":25},"end":{"line":144,"column":26}},"loc":{"start":{"line":144,"column":37},"end":{"line":144,"column":66}},"line":144},"14":{"name":"(anonymous_14)","decl":{"start":{"line":160,"column":2},"end":{"line":160,"column":3}},"loc":{"start":{"line":160,"column":27},"end":{"line":181,"column":3}},"line":160},"15":{"name":"(anonymous_15)","decl":{"start":{"line":162,"column":38},"end":{"line":162,"column":39}},"loc":{"start":{"line":162,"column":43},"end":{"line":162,"column":67}},"line":162},"16":{"name":"(anonymous_16)","decl":{"start":{"line":175,"column":39},"end":{"line":175,"column":40}},"loc":{"start":{"line":175,"column":62},"end":{"line":180,"column":5}},"line":175},"17":{"name":"(anonymous_17)","decl":{"start":{"line":178,"column":35},"end":{"line":178,"column":36}},"loc":{"start":{"line":178,"column":47},"end":{"line":178,"column":70}},"line":178},"18":{"name":"(anonymous_18)","decl":{"start":{"line":179,"column":41},"end":{"line":179,"column":42}},"loc":{"start":{"line":179,"column":53},"end":{"line":179,"column":82}},"line":179},"19":{"name":"(anonymous_19)","decl":{"start":{"line":186,"column":2},"end":{"line":186,"column":3}},"loc":{"start":{"line":186,"column":10},"end":{"line":188,"column":3}},"line":186},"20":{"name":"(anonymous_20)","decl":{"start":{"line":193,"column":2},"end":{"line":193,"column":3}},"loc":{"start":{"line":193,"column":10},"end":{"line":196,"column":3}},"line":193}},"branchMap":{"0":{"loc":{"start":{"line":11,"column":14},"end":{"line":11,"column":28}},"type":"default-arg","locations":[{"start":{"line":11,"column":24},"end":{"line":11,"column":28}}],"line":11},"1":{"loc":{"start":{"line":13,"column":19},"end":{"line":13,"column":64}},"type":"binary-expr","locations":[{"start":{"line":13,"column":19},"end":{"line":13,"column":26}},{"start":{"line":13,"column":30},"end":{"line":13,"column":64}}],"line":13},"2":{"loc":{"start":{"line":23,"column":4},"end":{"line":25,"column":5}},"type":"if","locations":[{"start":{"line":23,"column":4},"end":{"line":25,"column":5}},{"start":{},"end":{}}],"line":23},"3":{"loc":{"start":{"line":28,"column":4},"end":{"line":30,"column":5}},"type":"if","locations":[{"start":{"line":28,"column":4},"end":{"line":30,"column":5}},{"start":{},"end":{}}],"line":28},"4":{"loc":{"start":{"line":33,"column":4},"end":{"line":35,"column":5}},"type":"if","locations":[{"start":{"line":33,"column":4},"end":{"line":35,"column":5}},{"start":{},"end":{}}],"line":33},"5":{"loc":{"start":{"line":65,"column":21},"end":{"line":65,"column":85}},"type":"cond-expr","locations":[{"start":{"line":65,"column":41},"end":{"line":65,"column":78}},{"start":{"line":65,"column":81},"end":{"line":65,"column":85}}],"line":65},"6":{"loc":{"start":{"line":66,"column":27},"end":{"line":68,"column":12}},"type":"cond-expr","locations":[{"start":{"line":67,"column":8},"end":{"line":67,"column":47}},{"start":{"line":68,"column":8},"end":{"line":68,"column":12}}],"line":66},"7":{"loc":{"start":{"line":66,"column":27},"end":{"line":66,"column":67}},"type":"binary-expr","locations":[{"start":{"line":66,"column":27},"end":{"line":66,"column":46}},{"start":{"line":66,"column":50},"end":{"line":66,"column":67}}],"line":66},"8":{"loc":{"start":{"line":100,"column":21},"end":{"line":100,"column":45}},"type":"binary-expr","locations":[{"start":{"line":100,"column":21},"end":{"line":100,"column":40}},{"start":{"line":100,"column":44},"end":{"line":100,"column":45}}],"line":100},"9":{"loc":{"start":{"line":101,"column":19},"end":{"line":101,"column":41}},"type":"binary-expr","locations":[{"start":{"line":101,"column":19},"end":{"line":101,"column":36}},{"start":{"line":101,"column":40},"end":{"line":101,"column":41}}],"line":101},"10":{"loc":{"start":{"line":102,"column":25},"end":{"line":102,"column":53}},"type":"binary-expr","locations":[{"start":{"line":102,"column":25},"end":{"line":102,"column":48}},{"start":{"line":102,"column":52},"end":{"line":102,"column":53}}],"line":102},"11":{"loc":{"start":{"line":103,"column":21},"end":{"line":103,"column":48}},"type":"binary-expr","locations":[{"start":{"line":103,"column":21},"end":{"line":103,"column":40}},{"start":{"line":103,"column":44},"end":{"line":103,"column":48}}],"line":103},"12":{"loc":{"start":{"line":115,"column":16},"end":{"line":115,"column":27}},"type":"default-arg","locations":[{"start":{"line":115,"column":24},"end":{"line":115,"column":27}}],"line":115},"13":{"loc":{"start":{"line":132,"column":4},"end":{"line":134,"column":5}},"type":"if","locations":[{"start":{"line":132,"column":4},"end":{"line":134,"column":5}},{"start":{},"end":{}}],"line":132},"14":{"loc":{"start":{"line":139,"column":24},"end":{"line":141,"column":9}},"type":"cond-expr","locations":[{"start":{"line":140,"column":8},"end":{"line":140,"column":83}},{"start":{"line":141,"column":8},"end":{"line":141,"column":9}}],"line":139},"15":{"loc":{"start":{"line":140,"column":44},"end":{"line":140,"column":59}},"type":"binary-expr","locations":[{"start":{"line":140,"column":44},"end":{"line":140,"column":54}},{"start":{"line":140,"column":58},"end":{"line":140,"column":59}}],"line":140},"16":{"loc":{"start":{"line":143,"column":30},"end":{"line":145,"column":9}},"type":"cond-expr","locations":[{"start":{"line":144,"column":8},"end":{"line":144,"column":89}},{"start":{"line":145,"column":8},"end":{"line":145,"column":9}}],"line":143},"17":{"loc":{"start":{"line":144,"column":44},"end":{"line":144,"column":65}},"type":"binary-expr","locations":[{"start":{"line":144,"column":44},"end":{"line":144,"column":60}},{"start":{"line":144,"column":64},"end":{"line":144,"column":65}}],"line":144},"18":{"loc":{"start":{"line":167,"column":19},"end":{"line":167,"column":49}},"type":"binary-expr","locations":[{"start":{"line":167,"column":19},"end":{"line":167,"column":36}},{"start":{"line":167,"column":40},"end":{"line":167,"column":49}}],"line":167},"19":{"loc":{"start":{"line":168,"column":6},"end":{"line":170,"column":7}},"type":"if","locations":[{"start":{"line":168,"column":6},"end":{"line":170,"column":7}},{"start":{},"end":{}}],"line":168},"20":{"loc":{"start":{"line":178,"column":54},"end":{"line":178,"column":69}},"type":"binary-expr","locations":[{"start":{"line":178,"column":54},"end":{"line":178,"column":64}},{"start":{"line":178,"column":68},"end":{"line":178,"column":69}}],"line":178},"21":{"loc":{"start":{"line":179,"column":60},"end":{"line":179,"column":81}},"type":"binary-expr","locations":[{"start":{"line":179,"column":60},"end":{"line":179,"column":76}},{"start":{"line":179,"column":80},"end":{"line":179,"column":81}}],"line":179}},"s":{"0":1,"1":1,"2":11,"3":11,"4":11,"5":11,"6":11,"7":11,"8":11,"9":11,"10":11,"11":30,"12":30,"13":30,"14":0,"15":47,"16":21,"17":21,"18":21,"19":21,"20":21,"21":2,"22":2,"23":2,"24":4,"25":4,"26":12,"27":2,"28":2,"29":3,"30":2,"31":1,"32":1,"33":2,"34":1,"35":2,"36":1,"37":2,"38":1,"39":2,"40":1,"41":1,"42":1,"43":3,"44":1,"45":1,"46":3,"47":3,"48":2,"49":3,"50":1,"51":2,"52":3,"53":3,"54":1,"55":1,"56":1},"f":{"0":11,"1":11,"2":30,"3":47,"4":21,"5":2,"6":4,"7":12,"8":2,"9":3,"10":2,"11":2,"12":2,"13":2,"14":1,"15":3,"16":2,"17":3,"18":3,"19":0,"20":1},"b":{"0":[0],"1":[11,0],"2":[11,0],"3":[11,0],"4":[11,0],"5":[7,14],"6":[7,14],"7":[21,7],"8":[2,0],"9":[2,1],"10":[2,1],"11":[2,1],"12":[3],"13":[1,1],"14":[1,0],"15":[2,0],"16":[1,0],"17":[2,0],"18":[3,0],"19":[2,1],"20":[3,0],"21":[3,0]},"_coverageSchema":"1a1c01bbd47fc00a2c39e90264f33305004495a9","hash":"fa9def9658418b8cb857992365f31ec165b6f66c"}
}
