TN:
SF:src-simple/queue/MemoryQueue.js
FN:21,(anonymous_0)
FN:30,(anonymous_1)
FN:55,(anonymous_2)
FN:64,(anonymous_3)
FN:75,(anonymous_4)
FN:87,(anonymous_5)
FN:100,(anonymous_6)
FN:113,(anonymous_7)
FN:115,(anonymous_8)
FN:122,(anonymous_9)
FN:130,(anonymous_10)
FN:134,(anonymous_11)
FN:135,(anonymous_12)
FN:136,(anonymous_13)
FN:137,(anonymous_14)
FN:144,(anonymous_15)
FNF:16
FNH:16
FNDA:14,(anonymous_0)
FNDA:19,(anonymous_1)
FNDA:3,(anonymous_2)
FNDA:13,(anonymous_3)
FNDA:6,(anonymous_4)
FNDA:4,(anonymous_5)
FNDA:1,(anonymous_6)
FNDA:3,(anonymous_7)
FNDA:9,(anonymous_8)
FNDA:4,(anonymous_9)
FNDA:1,(anonymous_10)
FNDA:3,(anonymous_11)
FNDA:3,(anonymous_12)
FNDA:3,(anonymous_13)
FNDA:3,(anonymous_14)
FNDA:1,(anonymous_15)
DA:10,1
DA:13,1
DA:22,14
DA:31,19
DA:46,19
DA:47,19
DA:56,3
DA:65,13
DA:66,13
DA:67,12
DA:76,6
DA:88,4
DA:101,1
DA:114,3
DA:115,9
DA:123,4
DA:131,1
DA:132,1
DA:134,3
DA:135,3
DA:136,3
DA:137,3
DA:145,1
DA:149,1
LF:24
LH:24
BRDA:34,0,0,19
BRDA:34,0,1,18
BRDA:35,1,0,19
BRDA:35,1,1,18
BRDA:36,2,0,19
BRDA:36,2,1,18
BRDA:37,3,0,19
BRDA:37,3,1,19
BRDA:56,4,0,3
BRDA:56,4,1,1
BRDA:66,5,0,12
BRDA:66,5,1,1
BRF:12
BRH:12
end_of_record
TN:
SF:src-simple/schedulers/BaseScheduler.js
FN:8,(anonymous_0)
FN:17,(anonymous_1)
FN:25,(anonymous_2)
FN:33,(anonymous_3)
FN:41,(anonymous_4)
FNF:5
FNH:5
FNDA:44,(anonymous_0)
FNDA:7,(anonymous_1)
FNDA:1,(anonymous_2)
FNDA:4,(anonymous_3)
FNDA:57,(anonymous_4)
DA:9,44
DA:10,44
DA:18,7
DA:26,1
DA:34,4
DA:42,57
DA:46,1
LF:7
LH:7
BRF:0
BRH:0
end_of_record
TN:
SF:src-simple/schedulers/FCFSScheduler.js
FN:10,(anonymous_0)
FN:18,(anonymous_1)
FNF:2
FNH:2
FNDA:4,(anonymous_0)
FNDA:4,(anonymous_1)
DA:7,1
DA:11,4
DA:19,4
DA:20,1
DA:22,3
DA:26,1
LF:6
LH:6
BRDA:19,0,0,1
BRDA:19,0,1,3
BRF:2
BRH:2
end_of_record
TN:
SF:src-simple/schedulers/MLFQScheduler.js
FN:25,(anonymous_0)
FN:35,(anonymous_1)
FN:36,(anonymous_2)
FN:44,(anonymous_3)
FN:54,(anonymous_4)
FN:71,(anonymous_5)
FN:82,(anonymous_6)
FN:96,(anonymous_7)
FN:110,(anonymous_8)
FN:118,(anonymous_9)
FN:119,(anonymous_10)
FN:125,(anonymous_11)
FN:126,(anonymous_12)
FNF:13
FNH:12
FNDA:16,(anonymous_0)
FNDA:1,(anonymous_1)
FNDA:0,(anonymous_2)
FNDA:18,(anonymous_3)
FNDA:1,(anonymous_4)
FNDA:8,(anonymous_5)
FNDA:5,(anonymous_6)
FNDA:3,(anonymous_7)
FNDA:2,(anonymous_8)
FNDA:1,(anonymous_9)
FNDA:4,(anonymous_10)
FNDA:2,(anonymous_11)
FNDA:7,(anonymous_12)
DA:17,1
DA:20,1
DA:21,1
DA:22,1
DA:26,16
DA:28,16
DA:29,16
DA:36,1
DA:37,0
DA:45,18
DA:46,1
DA:47,1
DA:55,1
DA:56,1
DA:57,4
DA:58,4
DA:61,1
DA:62,2
DA:63,2
DA:65,1
DA:72,8
DA:73,8
DA:74,8
DA:75,8
DA:83,5
DA:84,14
DA:85,4
DA:88,1
DA:97,3
DA:100,3
DA:101,1
DA:102,1
DA:111,2
DA:112,2
DA:119,4
DA:126,7
DA:130,1
LF:37
LH:36
BRDA:45,0,0,1
BRDA:45,0,1,17
BRDA:74,1,0,1
BRDA:74,1,1,7
BRDA:84,2,0,4
BRDA:84,2,1,10
BRDA:100,3,0,1
BRDA:100,3,1,2
BRDA:111,4,0,2
BRDA:111,4,1,1
BRF:10
BRH:10
end_of_record
TN:
SF:src-simple/schedulers/PriorityScheduler.js
FN:23,(anonymous_0)
FN:31,(anonymous_1)
FN:32,(anonymous_2)
FN:40,(anonymous_3)
FN:50,(anonymous_4)
FN:67,(anonymous_5)
FN:77,(anonymous_6)
FNF:7
FNH:6
FNDA:10,(anonymous_0)
FNDA:1,(anonymous_1)
FNDA:0,(anonymous_2)
FNDA:12,(anonymous_3)
FNDA:3,(anonymous_4)
FNDA:12,(anonymous_5)
FNDA:7,(anonymous_6)
DA:8,1
DA:11,1
DA:19,1
DA:20,1
DA:24,10
DA:25,10
DA:32,1
DA:33,0
DA:41,12
DA:42,1
DA:43,1
DA:51,3
DA:52,3
DA:53,3
DA:55,3
DA:56,1
DA:68,12
DA:69,12
DA:70,12
DA:78,7
DA:79,1
DA:83,6
DA:84,6
DA:86,6
DA:87,5
DA:88,3
DA:89,3
DA:94,6
DA:98,1
LF:29
LH:28
BRDA:41,0,0,1
BRDA:41,0,1,11
BRDA:55,1,0,1
BRDA:55,1,1,2
BRDA:55,2,0,3
BRDA:55,2,1,2
BRDA:68,3,0,12
BRDA:68,3,1,1
BRDA:69,4,0,4
BRDA:69,4,1,8
BRDA:78,5,0,1
BRDA:78,5,1,6
BRDA:87,6,0,3
BRDA:87,6,1,2
BRF:14
BRH:14
end_of_record
TN:
SF:src-simple/schedulers/WFQScheduler.js
FN:27,(anonymous_0)
FN:39,(anonymous_1)
FN:52,(anonymous_2)
FN:75,(anonymous_3)
FN:113,(anonymous_4)
FN:119,(anonymous_5)
FN:120,(anonymous_6)
FN:125,(anonymous_7)
FN:126,(anonymous_8)
FN:136,(anonymous_9)
FNF:10
FNH:10
FNDA:12,(anonymous_0)
FNDA:14,(anonymous_1)
FNDA:26,(anonymous_2)
FNDA:23,(anonymous_3)
FNDA:4,(anonymous_4)
FNDA:5,(anonymous_5)
FNDA:3,(anonymous_6)
FNDA:3,(anonymous_7)
FNDA:3,(anonymous_8)
FNDA:1,(anonymous_9)
DA:16,1
DA:19,1
DA:28,12
DA:30,12
DA:31,12
DA:40,14
DA:41,14
DA:53,26
DA:56,26
DA:57,6
DA:61,26
DA:62,26
DA:63,26
DA:64,26
DA:65,26
DA:66,26
DA:68,26
DA:76,23
DA:77,1
DA:81,22
DA:82,22
DA:84,22
DA:85,191
DA:86,10
DA:87,10
DA:91,22
DA:94,22
DA:95,22
DA:96,22
DA:97,22
DA:98,22
DA:101,22
DA:114,4
DA:115,4
DA:118,3
DA:119,5
DA:120,3
DA:122,3
DA:124,2
DA:125,3
DA:126,3
DA:129,2
DA:137,1
DA:138,1
DA:139,1
DA:146,1
DA:154,1
LF:47
LH:47
BRDA:39,0,0,1
BRDA:40,1,0,14
BRDA:40,1,1,1
BRDA:53,2,0,26
BRDA:53,2,1,1
BRDA:56,3,0,6
BRDA:56,3,1,20
BRDA:57,4,0,6
BRDA:57,4,1,2
BRDA:63,5,0,26
BRDA:63,5,1,3
BRDA:66,6,0,1
BRDA:66,6,1,25
BRDA:76,7,0,1
BRDA:76,7,1,22
BRDA:85,8,0,10
BRDA:85,8,1,181
BRDA:95,9,0,22
BRDA:95,9,1,0
BRDA:115,10,0,1
BRDA:115,10,1,3
BRDA:122,11,0,1
BRDA:122,11,1,2
BRF:23
BRH:22
end_of_record
TN:
SF:src-simple/schedulers/index.js
FNF:0
FNH:0
DA:4,1
DA:5,1
DA:6,1
DA:7,1
DA:8,1
DA:10,1
LF:6
LH:6
BRF:0
BRH:0
end_of_record
TN:
SF:src-simple/storage/JSONStore.js
FN:11,(anonymous_0)
FN:21,(anonymous_1)
FN:41,(anonymous_2)
FN:53,(anonymous_3)
FN:62,(anonymous_4)
FN:95,(anonymous_5)
FN:115,(anonymous_6)
FN:119,(anonymous_7)
FN:128,(anonymous_8)
FN:130,(anonymous_9)
FN:136,(anonymous_10)
FN:137,(anonymous_11)
FN:140,(anonymous_12)
FN:144,(anonymous_13)
FN:160,(anonymous_14)
FN:162,(anonymous_15)
FN:175,(anonymous_16)
FN:178,(anonymous_17)
FN:179,(anonymous_18)
FN:186,(anonymous_19)
FN:193,(anonymous_20)
FNF:21
FNH:20
FNDA:11,(anonymous_0)
FNDA:11,(anonymous_1)
FNDA:30,(anonymous_2)
FNDA:47,(anonymous_3)
FNDA:21,(anonymous_4)
FNDA:2,(anonymous_5)
FNDA:4,(anonymous_6)
FNDA:12,(anonymous_7)
FNDA:2,(anonymous_8)
FNDA:3,(anonymous_9)
FNDA:2,(anonymous_10)
FNDA:2,(anonymous_11)
FNDA:2,(anonymous_12)
FNDA:2,(anonymous_13)
FNDA:1,(anonymous_14)
FNDA:3,(anonymous_15)
FNDA:2,(anonymous_16)
FNDA:3,(anonymous_17)
FNDA:3,(anonymous_18)
FNDA:0,(anonymous_19)
FNDA:1,(anonymous_20)
DA:7,1
DA:8,1
DA:13,11
DA:14,11
DA:15,11
DA:23,11
DA:24,11
DA:28,11
DA:29,11
DA:33,11
DA:34,11
DA:42,30
DA:43,30
DA:44,30
DA:46,0
DA:54,47
DA:63,21
DA:65,21
DA:66,21
DA:70,21
DA:87,21
DA:96,2
DA:98,2
DA:107,2
DA:116,4
DA:118,4
DA:119,12
DA:129,2
DA:130,3
DA:132,2
DA:133,1
DA:136,2
DA:137,2
DA:139,1
DA:140,2
DA:143,1
DA:144,2
DA:147,1
DA:161,1
DA:162,3
DA:165,1
DA:166,1
DA:167,3
DA:168,3
DA:169,2
DA:171,3
DA:175,2
DA:178,3
DA:179,3
DA:194,1
DA:195,1
DA:199,1
LF:52
LH:51
BRDA:11,0,0,0
BRDA:13,1,0,11
BRDA:13,1,1,0
BRDA:23,2,0,11
BRDA:23,2,1,0
BRDA:28,3,0,11
BRDA:28,3,1,0
BRDA:33,4,0,11
BRDA:33,4,1,0
BRDA:65,5,0,7
BRDA:65,5,1,14
BRDA:66,6,0,7
BRDA:66,6,1,14
BRDA:66,7,0,21
BRDA:66,7,1,7
BRDA:100,8,0,2
BRDA:100,8,1,0
BRDA:101,9,0,2
BRDA:101,9,1,1
BRDA:102,10,0,2
BRDA:102,10,1,1
BRDA:103,11,0,2
BRDA:103,11,1,1
BRDA:115,12,0,3
BRDA:132,13,0,1
BRDA:132,13,1,1
BRDA:139,14,0,1
BRDA:139,14,1,0
BRDA:140,15,0,2
BRDA:140,15,1,0
BRDA:143,16,0,1
BRDA:143,16,1,0
BRDA:144,17,0,2
BRDA:144,17,1,0
BRDA:167,18,0,3
BRDA:167,18,1,0
BRDA:168,19,0,2
BRDA:168,19,1,1
BRDA:178,20,0,3
BRDA:178,20,1,0
BRDA:179,21,0,3
BRDA:179,21,1,0
BRF:42
BRH:29
end_of_record
