TN:
SF:src-simple/queue/MemoryQueue.js
FN:21,(anonymous_0)
FN:30,(anonymous_1)
FN:55,(anonymous_2)
FN:64,(anonymous_3)
FN:75,(anonymous_4)
FN:87,(anonymous_5)
FN:100,(anonymous_6)
FN:113,(anonymous_7)
FN:115,(anonymous_8)
FN:122,(anonymous_9)
FN:130,(anonymous_10)
FN:134,(anonymous_11)
FN:135,(anonymous_12)
FN:136,(anonymous_13)
FN:137,(anonymous_14)
FN:144,(anonymous_15)
FNF:16
FNH:16
FNDA:14,(anonymous_0)
FNDA:19,(anonymous_1)
FNDA:3,(anonymous_2)
FNDA:13,(anonymous_3)
FNDA:6,(anonymous_4)
FNDA:4,(anonymous_5)
FNDA:1,(anonymous_6)
FNDA:3,(anonymous_7)
FNDA:9,(anonymous_8)
FNDA:4,(anonymous_9)
FNDA:1,(anonymous_10)
FNDA:3,(anonymous_11)
FNDA:3,(anonymous_12)
FNDA:3,(anonymous_13)
FNDA:3,(anonymous_14)
FNDA:1,(anonymous_15)
DA:10,1
DA:13,1
DA:22,14
DA:31,19
DA:46,19
DA:47,19
DA:56,3
DA:65,13
DA:66,13
DA:67,12
DA:76,6
DA:88,4
DA:101,1
DA:114,3
DA:115,9
DA:123,4
DA:131,1
DA:132,1
DA:134,3
DA:135,3
DA:136,3
DA:137,3
DA:145,1
DA:149,1
LF:24
LH:24
BRDA:34,0,0,19
BRDA:34,0,1,18
BRDA:35,1,0,19
BRDA:35,1,1,18
BRDA:36,2,0,19
BRDA:36,2,1,18
BRDA:37,3,0,19
BRDA:37,3,1,19
BRDA:56,4,0,3
BRDA:56,4,1,1
BRDA:66,5,0,12
BRDA:66,5,1,1
BRF:12
BRH:12
end_of_record
TN:
SF:src-simple/schedulers/BaseScheduler.js
FN:8,(anonymous_0)
FN:17,(anonymous_1)
FN:25,(anonymous_2)
FN:33,(anonymous_3)
FN:41,(anonymous_4)
FNF:5
FNH:5
FNDA:105,(anonymous_0)
FNDA:228,(anonymous_1)
FNDA:1,(anonymous_2)
FNDA:4,(anonymous_3)
FNDA:504,(anonymous_4)
DA:9,105
DA:10,105
DA:18,228
DA:26,1
DA:34,4
DA:42,504
DA:46,4
LF:7
LH:7
BRF:0
BRH:0
end_of_record
TN:
SF:src-simple/schedulers/FCFSScheduler.js
FN:10,(anonymous_0)
FN:18,(anonymous_1)
FNF:2
FNH:2
FNDA:9,(anonymous_0)
FNDA:225,(anonymous_1)
DA:7,4
DA:11,9
DA:19,225
DA:20,1
DA:22,224
DA:26,4
LF:6
LH:6
BRDA:19,0,0,1
BRDA:19,0,1,224
BRF:2
BRH:2
end_of_record
TN:
SF:src-simple/schedulers/MLFQScheduler.js
FN:31,(anonymous_0)
FN:46,(anonymous_1)
FN:47,(anonymous_2)
FN:55,(anonymous_3)
FN:65,(anonymous_4)
FN:91,(anonymous_5)
FN:103,(anonymous_6)
FN:116,(anonymous_7)
FN:127,(anonymous_8)
FN:152,(anonymous_9)
FN:177,(anonymous_10)
FN:190,(anonymous_11)
FN:204,(anonymous_12)
FN:212,(anonymous_13)
FN:213,(anonymous_14)
FN:223,(anonymous_15)
FN:227,(anonymous_16)
FN:234,(anonymous_17)
FN:242,(anonymous_18)
FNF:19
FNH:18
FNDA:72,(anonymous_0)
FNDA:1,(anonymous_1)
FNDA:0,(anonymous_2)
FNDA:67,(anonymous_3)
FNDA:131,(anonymous_4)
FNDA:340,(anonymous_5)
FNDA:1260,(anonymous_6)
FNDA:1265,(anonymous_7)
FNDA:1286,(anonymous_8)
FNDA:912,(anonymous_9)
FNDA:332,(anonymous_10)
FNDA:12,(anonymous_11)
FNDA:4,(anonymous_12)
FNDA:3,(anonymous_13)
FNDA:12,(anonymous_14)
FNDA:7,(anonymous_15)
FNDA:20,(anonymous_16)
FNDA:2552,(anonymous_17)
FNDA:6,(anonymous_18)
DA:22,4
DA:25,4
DA:26,4
DA:27,4
DA:28,4
DA:32,72
DA:34,72
DA:35,72
DA:38,72
DA:39,72
DA:40,72
DA:47,1
DA:48,0
DA:56,67
DA:57,1
DA:58,1
DA:66,131
DA:67,131
DA:68,524
DA:69,524
DA:73,131
DA:74,8
DA:75,8
DA:76,8
DA:77,8
DA:81,131
DA:82,5238
DA:83,5238
DA:85,131
DA:92,340
DA:93,340
DA:94,340
DA:96,340
DA:104,1260
DA:105,1302
DA:106,1258
DA:109,2
DA:117,1265
DA:118,1265
DA:119,1265
DA:128,1286
DA:129,1
DA:132,1285
DA:133,1285
DA:134,1285
DA:137,1285
DA:138,923
DA:145,362
DA:153,912
DA:154,1
DA:157,911
DA:158,911
DA:161,911
DA:162,911
DA:165,911
DA:168,911
DA:169,911
DA:170,911
DA:178,332
DA:179,332
DA:180,332
DA:181,332
DA:182,332
DA:191,12
DA:194,12
DA:195,6
DA:196,6
DA:205,4
DA:206,4
DA:213,12
DA:214,3
DA:215,1
DA:217,3
DA:224,7
DA:225,1
DA:227,20
DA:235,2552
DA:243,6
DA:244,1
DA:247,5
DA:248,5
DA:249,5
DA:253,4
LF:83
LH:82
BRDA:56,0,0,1
BRDA:56,0,1,66
BRDA:73,1,0,8
BRDA:73,1,1,123
BRDA:95,2,0,320
BRDA:95,2,1,20
BRDA:105,3,0,1258
BRDA:105,3,1,44
BRDA:119,4,0,1265
BRDA:119,4,1,1252
BRDA:128,5,0,1
BRDA:128,5,1,1285
BRDA:133,6,0,1285
BRDA:133,6,1,1221
BRDA:137,7,0,923
BRDA:137,7,1,362
BRDA:137,8,0,1285
BRDA:137,8,1,923
BRDA:153,9,0,1
BRDA:153,9,1,911
BRDA:194,10,0,6
BRDA:194,10,1,6
BRDA:205,11,0,4
BRDA:205,11,1,2
BRDA:214,12,0,1
BRDA:214,12,1,2
BRDA:224,13,0,1
BRDA:224,13,1,6
BRDA:243,14,0,1
BRDA:243,14,1,5
BRDA:247,15,0,5
BRDA:247,15,1,2
BRF:32
BRH:32
end_of_record
TN:
SF:src-simple/schedulers/PriorityScheduler.js
FN:23,(anonymous_0)
FN:31,(anonymous_1)
FN:32,(anonymous_2)
FN:40,(anonymous_3)
FN:50,(anonymous_4)
FN:67,(anonymous_5)
FN:77,(anonymous_6)
FNF:7
FNH:6
FNDA:10,(anonymous_0)
FNDA:1,(anonymous_1)
FNDA:0,(anonymous_2)
FNDA:12,(anonymous_3)
FNDA:3,(anonymous_4)
FNDA:12,(anonymous_5)
FNDA:7,(anonymous_6)
DA:8,4
DA:11,4
DA:19,4
DA:20,4
DA:24,10
DA:25,10
DA:32,1
DA:33,0
DA:41,12
DA:42,1
DA:43,1
DA:51,3
DA:52,3
DA:53,3
DA:55,3
DA:56,1
DA:68,12
DA:69,12
DA:70,12
DA:78,7
DA:79,1
DA:83,6
DA:84,6
DA:86,6
DA:87,5
DA:88,3
DA:89,3
DA:94,6
DA:98,4
LF:29
LH:28
BRDA:41,0,0,1
BRDA:41,0,1,11
BRDA:55,1,0,1
BRDA:55,1,1,2
BRDA:55,2,0,3
BRDA:55,2,1,2
BRDA:68,3,0,12
BRDA:68,3,1,1
BRDA:69,4,0,4
BRDA:69,4,1,8
BRDA:78,5,0,1
BRDA:78,5,1,6
BRDA:87,6,0,3
BRDA:87,6,1,2
BRF:14
BRH:14
end_of_record
TN:
SF:src-simple/schedulers/WFQScheduler.js
FN:27,(anonymous_0)
FN:39,(anonymous_1)
FN:52,(anonymous_2)
FN:75,(anonymous_3)
FN:113,(anonymous_4)
FN:119,(anonymous_5)
FN:120,(anonymous_6)
FN:125,(anonymous_7)
FN:126,(anonymous_8)
FN:136,(anonymous_9)
FNF:10
FNH:10
FNDA:12,(anonymous_0)
FNDA:14,(anonymous_1)
FNDA:26,(anonymous_2)
FNDA:23,(anonymous_3)
FNDA:4,(anonymous_4)
FNDA:5,(anonymous_5)
FNDA:3,(anonymous_6)
FNDA:3,(anonymous_7)
FNDA:3,(anonymous_8)
FNDA:1,(anonymous_9)
DA:16,4
DA:19,4
DA:28,12
DA:30,12
DA:31,12
DA:40,14
DA:41,14
DA:53,26
DA:56,26
DA:57,6
DA:61,26
DA:62,26
DA:63,26
DA:64,26
DA:65,26
DA:66,26
DA:68,26
DA:76,23
DA:77,1
DA:81,22
DA:82,22
DA:84,22
DA:85,191
DA:86,10
DA:87,10
DA:91,22
DA:94,22
DA:95,22
DA:96,22
DA:97,22
DA:98,22
DA:101,22
DA:114,4
DA:115,4
DA:118,3
DA:119,5
DA:120,3
DA:122,3
DA:124,2
DA:125,3
DA:126,3
DA:129,2
DA:137,1
DA:138,1
DA:139,1
DA:146,1
DA:154,4
LF:47
LH:47
BRDA:39,0,0,1
BRDA:40,1,0,14
BRDA:40,1,1,1
BRDA:53,2,0,26
BRDA:53,2,1,1
BRDA:56,3,0,6
BRDA:56,3,1,20
BRDA:57,4,0,6
BRDA:57,4,1,2
BRDA:63,5,0,26
BRDA:63,5,1,3
BRDA:66,6,0,1
BRDA:66,6,1,25
BRDA:76,7,0,1
BRDA:76,7,1,22
BRDA:85,8,0,10
BRDA:85,8,1,181
BRDA:95,9,0,22
BRDA:95,9,1,0
BRDA:115,10,0,1
BRDA:115,10,1,3
BRDA:122,11,0,1
BRDA:122,11,1,2
BRF:23
BRH:22
end_of_record
TN:
SF:src-simple/schedulers/index.js
FNF:0
FNH:0
DA:4,4
DA:5,4
DA:6,4
DA:7,4
DA:8,4
DA:10,4
LF:6
LH:6
BRF:0
BRH:0
end_of_record
TN:
SF:src-simple/storage/JSONStore.js
FN:11,(anonymous_0)
FN:21,(anonymous_1)
FN:41,(anonymous_2)
FN:53,(anonymous_3)
FN:62,(anonymous_4)
FN:95,(anonymous_5)
FN:115,(anonymous_6)
FN:119,(anonymous_7)
FN:128,(anonymous_8)
FN:130,(anonymous_9)
FN:136,(anonymous_10)
FN:137,(anonymous_11)
FN:140,(anonymous_12)
FN:144,(anonymous_13)
FN:160,(anonymous_14)
FN:162,(anonymous_15)
FN:175,(anonymous_16)
FN:178,(anonymous_17)
FN:179,(anonymous_18)
FN:186,(anonymous_19)
FN:193,(anonymous_20)
FNF:21
FNH:20
FNDA:11,(anonymous_0)
FNDA:11,(anonymous_1)
FNDA:30,(anonymous_2)
FNDA:47,(anonymous_3)
FNDA:21,(anonymous_4)
FNDA:2,(anonymous_5)
FNDA:4,(anonymous_6)
FNDA:12,(anonymous_7)
FNDA:2,(anonymous_8)
FNDA:3,(anonymous_9)
FNDA:2,(anonymous_10)
FNDA:2,(anonymous_11)
FNDA:2,(anonymous_12)
FNDA:2,(anonymous_13)
FNDA:1,(anonymous_14)
FNDA:3,(anonymous_15)
FNDA:2,(anonymous_16)
FNDA:3,(anonymous_17)
FNDA:3,(anonymous_18)
FNDA:0,(anonymous_19)
FNDA:1,(anonymous_20)
DA:7,1
DA:8,1
DA:13,11
DA:14,11
DA:15,11
DA:23,11
DA:24,11
DA:28,11
DA:29,11
DA:33,11
DA:34,11
DA:42,30
DA:43,30
DA:44,30
DA:46,0
DA:54,47
DA:63,21
DA:65,21
DA:66,21
DA:70,21
DA:87,21
DA:96,2
DA:98,2
DA:107,2
DA:116,4
DA:118,4
DA:119,12
DA:129,2
DA:130,3
DA:132,2
DA:133,1
DA:136,2
DA:137,2
DA:139,1
DA:140,2
DA:143,1
DA:144,2
DA:147,1
DA:161,1
DA:162,3
DA:165,1
DA:166,1
DA:167,3
DA:168,3
DA:169,2
DA:171,3
DA:175,2
DA:178,3
DA:179,3
DA:194,1
DA:195,1
DA:199,1
LF:52
LH:51
BRDA:11,0,0,0
BRDA:13,1,0,11
BRDA:13,1,1,0
BRDA:23,2,0,11
BRDA:23,2,1,0
BRDA:28,3,0,11
BRDA:28,3,1,0
BRDA:33,4,0,11
BRDA:33,4,1,0
BRDA:65,5,0,7
BRDA:65,5,1,14
BRDA:66,6,0,7
BRDA:66,6,1,14
BRDA:66,7,0,21
BRDA:66,7,1,7
BRDA:100,8,0,2
BRDA:100,8,1,0
BRDA:101,9,0,2
BRDA:101,9,1,1
BRDA:102,10,0,2
BRDA:102,10,1,1
BRDA:103,11,0,2
BRDA:103,11,1,1
BRDA:115,12,0,3
BRDA:132,13,0,1
BRDA:132,13,1,1
BRDA:139,14,0,1
BRDA:139,14,1,0
BRDA:140,15,0,2
BRDA:140,15,1,0
BRDA:143,16,0,1
BRDA:143,16,1,0
BRDA:144,17,0,2
BRDA:144,17,1,0
BRDA:167,18,0,3
BRDA:167,18,1,0
BRDA:168,19,0,2
BRDA:168,19,1,1
BRDA:178,20,0,3
BRDA:178,20,1,0
BRDA:179,21,0,3
BRDA:179,21,1,0
BRF:42
BRH:29
end_of_record
