TN:
SF:src/config/constants.ts
FNF:0
FNH:0
DA:11,12
DA:18,12
DA:21,12
DA:28,12
DA:35,12
DA:38,12
DA:41,12
DA:47,12
DA:54,12
DA:57,12
DA:64,12
DA:67,12
DA:74,12
DA:77,12
DA:84,12
LF:15
LH:15
BRF:0
BRH:0
end_of_record
TN:
SF:src/domain/models.ts
FNF:0
FNH:0
DA:6,16
DA:9,16
DA:17,16
DA:26,16
DA:37,16
DA:46,16
DA:56,16
DA:68,16
DA:77,16
DA:87,16
DA:108,16
DA:120,16
LF:12
LH:12
BRF:0
BRH:0
end_of_record
TN:
SF:src/managers/CheckpointManager.ts
FN:41,(anonymous_0)
FN:54,(anonymous_1)
FN:168,(anonymous_2)
FN:175,(anonymous_3)
FN:182,(anonymous_4)
FN:189,(anonymous_5)
FN:196,(anonymous_6)
FN:207,(anonymous_7)
FN:208,(anonymous_8)
FN:209,(anonymous_9)
FN:217,(anonymous_10)
FN:253,(anonymous_11)
FN:268,(anonymous_12)
FNF:13
FNH:13
FNDA:73,(anonymous_0)
FNDA:64,(anonymous_1)
FNDA:2,(anonymous_2)
FNDA:5,(anonymous_3)
FNDA:2,(anonymous_4)
FNDA:1,(anonymous_5)
FNDA:2,(anonymous_6)
FNDA:2,(anonymous_7)
FNDA:2,(anonymous_8)
FNDA:2,(anonymous_9)
FNDA:59,(anonymous_10)
FNDA:29,(anonymous_11)
FNDA:57,(anonymous_12)
DA:1,3
DA:8,3
DA:11,3
DA:20,3
DA:22,3
DA:36,3
DA:46,73
DA:47,73
DA:48,73
DA:59,64
DA:61,64
DA:62,63
DA:63,4
DA:71,59
DA:79,59
DA:80,59
DA:81,1
DA:88,58
DA:89,1
DA:96,58
DA:97,4
DA:98,4
DA:101,4
DA:103,4
DA:104,4
DA:109,58
DA:116,58
DA:119,58
DA:124,58
DA:142,58
DA:143,58
DA:144,1
DA:151,57
DA:153,57
DA:158,1
DA:169,2
DA:176,5
DA:183,2
DA:190,1
DA:203,2
DA:205,2
DA:207,2
DA:208,2
DA:209,2
DA:223,59
DA:226,59
DA:228,5
DA:229,3
DA:234,56
DA:235,34
DA:239,22
DA:241,1
DA:242,1
DA:243,0
DA:247,22
DA:255,29
DA:256,28
DA:258,27
DA:259,27
DA:260,27
DA:262,4
DA:269,57
LF:62
LH:61
BRDA:44,0,0,0
BRDA:57,1,0,49
BRDA:62,2,0,4
BRDA:62,3,0,63
BRDA:62,3,1,29
BRDA:80,4,0,1
BRDA:83,5,0,1
BRDA:83,5,1,0
BRDA:96,6,0,4
BRDA:96,7,0,58
BRDA:96,7,1,4
BRDA:101,8,0,4
BRDA:111,9,0,58
BRDA:111,9,1,50
BRDA:112,10,0,58
BRDA:112,10,1,50
BRDA:119,11,0,1
BRDA:119,11,1,57
BRDA:143,12,0,1
BRDA:146,13,0,1
BRDA:146,13,1,0
BRDA:160,14,0,1
BRDA:160,14,1,0
BRDA:223,15,0,59
BRDA:223,15,1,45
BRDA:226,16,0,5
BRDA:228,17,0,3
BRDA:228,18,0,5
BRDA:228,18,1,4
BRDA:234,19,0,34
BRDA:239,20,0,1
BRDA:242,21,0,0
BRDA:255,22,0,1
BRDA:256,23,0,1
BRDA:260,24,0,23
BRF:35
BRH:30
end_of_record
TN:
SF:src/managers/PeriodicCheckpointManager.ts
FN:39,(anonymous_0)
FN:58,(anonymous_1)
FN:80,(anonymous_2)
FN:95,(anonymous_3)
FN:112,(anonymous_4)
FN:125,(anonymous_5)
FN:150,(anonymous_6)
FN:165,(anonymous_7)
FN:170,(anonymous_8)
FN:178,(anonymous_9)
FN:188,(anonymous_10)
FN:212,(anonymous_11)
FN:225,(anonymous_12)
FN:240,(anonymous_13)
FN:265,(anonymous_14)
FN:276,(anonymous_15)
FN:287,(anonymous_16)
FN:297,(anonymous_17)
FN:309,(anonymous_18)
FNF:19
FNH:19
FNDA:81,(anonymous_0)
FNDA:64,(anonymous_1)
FNDA:25,(anonymous_2)
FNDA:13,(anonymous_3)
FNDA:12,(anonymous_4)
FNDA:25,(anonymous_5)
FNDA:3,(anonymous_6)
FNDA:12,(anonymous_7)
FNDA:1,(anonymous_8)
FNDA:10,(anonymous_9)
FNDA:10,(anonymous_10)
FNDA:4,(anonymous_11)
FNDA:45,(anonymous_12)
FNDA:7,(anonymous_13)
FNDA:1,(anonymous_14)
FNDA:64,(anonymous_15)
FNDA:5,(anonymous_16)
FNDA:10,(anonymous_17)
FNDA:88,(anonymous_18)
DA:1,2
DA:12,2
DA:32,2
DA:43,81
DA:44,81
DA:45,81
DA:46,81
DA:48,81
DA:63,64
DA:71,64
DA:74,64
DA:82,25
DA:83,25
DA:84,24
DA:85,24
DA:89,25
DA:100,13
DA:101,13
DA:103,11
DA:104,11
DA:105,2
DA:113,12
DA:114,12
DA:116,10
DA:119,10
DA:129,25
DA:130,25
DA:132,22
DA:138,22
DA:139,17
DA:140,17
DA:141,17
DA:144,5
DA:154,3
DA:166,12
DA:167,2
DA:170,10
DA:171,1
DA:179,10
DA:180,6
DA:181,6
DA:189,10
DA:190,10
DA:192,8
DA:204,8
DA:206,8
DA:213,4
DA:215,4
DA:216,6
DA:219,4
DA:230,45
DA:241,7
DA:242,7
DA:245,7
DA:246,7
DA:247,3
DA:251,4
DA:258,4
DA:259,4
DA:266,1
DA:268,1
DA:269,2
DA:277,64
DA:278,64
DA:280,64
DA:281,64
DA:282,0
DA:283,64
DA:284,5
DA:287,64
DA:288,5
DA:291,64
DA:298,10
DA:300,10
DA:301,10
DA:302,0
DA:310,88
DA:315,88
LF:78
LH:76
BRDA:41,0,0,1
BRDA:49,1,0,81
BRDA:49,1,1,2
BRDA:50,2,0,81
BRDA:50,2,1,6
BRDA:51,3,0,81
BRDA:51,3,1,3
BRDA:61,4,0,37
BRDA:83,5,0,24
BRDA:101,6,0,2
BRDA:104,7,0,2
BRDA:114,8,0,2
BRDA:130,9,0,3
BRDA:138,10,0,17
BRDA:138,11,0,22
BRDA:138,11,1,21
BRDA:166,12,0,2
BRDA:179,13,0,6
BRDA:190,14,0,2
BRDA:242,15,0,0
BRDA:246,16,0,3
BRDA:278,17,0,0
BRDA:281,18,0,0
BRDA:281,18,1,64
BRDA:283,19,0,5
BRDA:283,20,0,64
BRDA:283,20,1,23
BRDA:301,21,0,0
BRF:28
BRH:24
end_of_record
TN:
SF:src/middlewares/correlationId.ts
FN:46,getCorrelationId
FN:57,getRequestContext
FN:74,correlationIdMiddleware
FN:95,(anonymous_3)
FN:108,runWithCorrelationId
FNF:5
FNH:1
FNDA:46,getCorrelationId
FNDA:0,getRequestContext
FNDA:0,correlationIdMiddleware
FNDA:0,(anonymous_3)
FNDA:0,runWithCorrelationId
DA:12,12
DA:13,12
DA:32,12
DA:38,12
DA:46,12
DA:47,46
DA:48,46
DA:57,12
DA:58,0
DA:74,12
DA:80,0
DA:81,0
DA:84,0
DA:87,0
DA:95,0
DA:96,0
DA:108,12
DA:112,0
DA:117,0
DA:120,12
LF:20
LH:11
BRDA:48,0,0,46
BRDA:48,0,1,46
BRDA:81,1,0,0
BRDA:81,1,1,0
BRF:4
BRH:2
end_of_record
TN:
SF:src/recovery/RecoveryManager.ts
FN:32,(anonymous_0)
FN:45,(anonymous_1)
FN:174,(anonymous_2)
FN:185,(anonymous_3)
FN:195,(anonymous_4)
FN:196,(anonymous_5)
FN:208,(anonymous_6)
FN:223,(anonymous_7)
FN:229,(anonymous_8)
FN:247,(anonymous_9)
FNF:10
FNH:8
FNDA:43,(anonymous_0)
FNDA:26,(anonymous_1)
FNDA:2,(anonymous_2)
FNDA:3,(anonymous_3)
FNDA:5,(anonymous_4)
FNDA:3,(anonymous_5)
FNDA:13,(anonymous_6)
FNDA:0,(anonymous_7)
FNDA:0,(anonymous_8)
FNDA:11,(anonymous_9)
DA:1,2
DA:10,2
DA:11,2
DA:12,2
DA:14,2
DA:27,2
DA:37,43
DA:38,43
DA:39,43
DA:49,26
DA:50,26
DA:53,26
DA:55,26
DA:57,13
DA:59,13
DA:60,3
DA:71,13
DA:73,13
DA:74,3
DA:86,20
DA:87,18
DA:88,18
DA:90,3
DA:92,3
DA:93,2
DA:100,1
DA:112,17
DA:113,23
DA:114,23
DA:117,11
DA:119,11
DA:128,12
DA:130,12
DA:132,6
DA:133,1
DA:139,5
DA:150,6
DA:151,0
DA:152,0
DA:153,0
DA:161,0
DA:175,2
DA:192,3
DA:194,3
DA:195,5
DA:196,3
DA:209,13
DA:211,13
DA:212,14
DA:213,10
DA:217,3
DA:227,0
DA:229,0
DA:230,0
DA:231,0
DA:234,0
DA:235,0
DA:236,0
DA:237,0
DA:241,0
DA:251,11
DA:252,11
DA:254,11
DA:255,1
DA:256,1
DA:260,10
DA:261,1
DA:265,10
DA:266,1
DA:270,10
DA:271,2
DA:275,10
DA:276,10
DA:277,1
DA:281,10
DA:282,3
DA:283,3
DA:284,2
DA:288,10
LF:79
LH:66
BRDA:39,0,0,43
BRDA:39,0,1,29
BRDA:47,1,0,3
BRDA:50,2,0,26
BRDA:50,2,1,15
BRDA:55,3,0,13
BRDA:55,3,1,13
BRDA:59,4,0,3
BRDA:59,5,0,13
BRDA:59,5,1,11
BRDA:73,6,0,3
BRDA:86,7,0,18
BRDA:88,8,0,3
BRDA:92,9,0,2
BRDA:130,10,0,6
BRDA:132,11,0,1
BRDA:132,12,0,6
BRDA:132,12,1,2
BRDA:145,13,0,5
BRDA:145,13,1,0
BRDA:150,14,0,0
BRDA:150,15,0,6
BRDA:150,15,1,3
BRDA:152,16,0,0
BRDA:212,17,0,10
BRDA:212,18,0,14
BRDA:212,18,1,12
BRDA:230,19,0,0
BRDA:236,20,0,0
BRDA:236,21,0,0
BRDA:236,21,1,0
BRDA:254,22,0,1
BRDA:260,23,0,1
BRDA:265,24,0,1
BRDA:270,25,0,2
BRDA:270,26,0,10
BRDA:270,26,1,3
BRDA:276,27,0,1
BRDA:281,28,0,3
BRDA:281,29,0,10
BRDA:281,29,1,3
BRDA:283,30,0,2
BRF:42
BRH:35
end_of_record
TN:
SF:src/recovery/RollbackExecutor.ts
FN:26,(anonymous_0)
FN:34,(anonymous_1)
FN:47,(anonymous_2)
FN:71,(anonymous_3)
FN:101,(anonymous_4)
FN:108,(anonymous_5)
FN:120,(anonymous_6)
FN:147,(anonymous_7)
FNF:8
FNH:8
FNDA:72,(anonymous_0)
FNDA:38,(anonymous_1)
FNDA:7,(anonymous_2)
FNDA:25,(anonymous_3)
FNDA:30,(anonymous_4)
FNDA:3,(anonymous_5)
FNDA:10,(anonymous_6)
FNDA:6,(anonymous_7)
DA:7,4
DA:8,4
DA:22,4
DA:27,72
DA:28,72
DA:36,38
DA:37,16
DA:41,22
DA:48,7
DA:49,7
DA:51,4
DA:58,3
DA:74,25
DA:75,0
DA:79,25
DA:80,25
DA:81,8
DA:85,17
DA:90,17
DA:91,16
DA:95,1
DA:102,30
DA:109,3
DA:125,10
DA:126,2
DA:130,8
DA:131,6
DA:132,2
DA:135,4
DA:136,4
DA:137,2
DA:141,4
DA:148,6
DA:149,6
DA:151,2
LF:35
LH:34
BRDA:28,0,0,72
BRDA:28,0,1,30
BRDA:36,1,0,16
BRDA:36,2,0,38
BRDA:36,2,1,23
BRDA:63,3,0,3
BRDA:63,3,1,0
BRDA:74,4,0,0
BRDA:80,5,0,8
BRDA:85,6,0,3
BRDA:85,6,1,14
BRDA:90,7,0,16
BRDA:125,8,0,2
BRDA:130,9,0,6
BRDA:131,10,0,2
BRDA:136,11,0,2
BRF:16
BRH:14
end_of_record
TN:
SF:src/serialization/StateSerializer.ts
FN:30,(anonymous_0)
FN:37,(anonymous_1)
FN:77,(anonymous_2)
FN:91,(anonymous_3)
FN:116,(anonymous_4)
FN:164,(anonymous_5)
FN:197,(anonymous_6)
FN:210,(anonymous_7)
FN:213,(anonymous_8)
FN:221,(anonymous_9)
FN:238,(anonymous_10)
FN:260,(anonymous_11)
FN:270,(anonymous_12)
FN:277,(anonymous_13)
FNF:14
FNH:14
FNDA:185,(anonymous_0)
FNDA:72,(anonymous_1)
FNDA:8,(anonymous_2)
FNDA:3,(anonymous_3)
FNDA:13,(anonymous_4)
FNDA:22,(anonymous_5)
FNDA:8,(anonymous_6)
FNDA:72,(anonymous_7)
FNDA:223,(anonymous_8)
FNDA:1427,(anonymous_9)
FNDA:430,(anonymous_10)
FNDA:34,(anonymous_11)
FNDA:2,(anonymous_12)
FNDA:32,(anonymous_13)
DA:26,8
DA:28,185
DA:31,185
DA:38,72
DA:40,72
DA:42,72
DA:45,70
DA:46,70
DA:49,70
DA:50,1
DA:56,70
DA:63,70
DA:65,2
DA:78,8
DA:79,8
DA:82,6
DA:83,3
DA:90,3
DA:91,3
DA:97,3
DA:98,2
DA:101,3
DA:106,2
DA:120,13
DA:121,13
DA:122,13
DA:125,13
DA:126,13
DA:128,13
DA:129,17
DA:130,3
DA:131,14
DA:132,6
DA:136,13
DA:137,16
DA:138,2
DA:143,13
DA:144,1
DA:148,13
DA:150,1
DA:154,13
DA:155,3
DA:158,13
DA:165,22
DA:168,22
DA:171,22
DA:172,15
DA:173,3
DA:174,12
DA:175,2
DA:176,10
DA:177,2
DA:179,8
DA:184,22
DA:185,6
DA:186,6
DA:187,6
DA:191,22
DA:201,8
DA:202,8
DA:204,8
DA:211,72
DA:213,70
DA:214,223
DA:215,0
DA:218,223
DA:219,360
DA:221,360
DA:222,1427
DA:223,5
DA:224,5
DA:225,355
DA:226,153
DA:231,70
DA:232,70
DA:240,430
DA:241,0
DA:245,430
DA:246,0
DA:250,430
DA:251,0
DA:254,430
DA:261,34
DA:262,0
DA:264,34
DA:271,2
DA:278,32
LF:87
LH:82
BRDA:30,0,0,168
BRDA:49,1,0,1
BRDA:69,2,0,2
BRDA:69,2,1,0
BRDA:82,3,0,3
BRDA:82,4,0,6
BRDA:82,4,1,4
BRDA:90,5,0,3
BRDA:97,6,0,2
BRDA:108,7,0,2
BRDA:108,7,1,0
BRDA:125,8,0,13
BRDA:125,8,1,0
BRDA:126,9,0,13
BRDA:126,9,1,0
BRDA:129,10,0,3
BRDA:129,10,1,14
BRDA:131,11,0,6
BRDA:137,12,0,2
BRDA:143,13,0,1
BRDA:148,14,0,1
BRDA:154,15,0,3
BRDA:172,16,0,3
BRDA:172,16,1,12
BRDA:174,17,0,2
BRDA:174,17,1,10
BRDA:176,18,0,2
BRDA:176,18,1,8
BRDA:185,19,0,6
BRDA:213,20,0,70
BRDA:214,21,0,0
BRDA:214,22,0,223
BRDA:214,22,1,223
BRDA:219,23,0,122
BRDA:219,23,1,238
BRDA:221,24,0,5
BRDA:221,24,1,355
BRDA:225,25,0,153
BRDA:225,26,0,355
BRDA:225,26,1,154
BRDA:240,27,0,0
BRDA:245,28,0,0
BRDA:250,29,0,0
BRDA:261,30,0,0
BRDA:261,31,0,34
BRDA:261,31,1,34
BRDA:261,31,2,17
BRF:47
BRH:38
end_of_record
TN:
SF:src/storage/CheckpointSchema.ts
FN:58,(anonymous_9)
FNF:1
FNH:0
FNDA:0,(anonymous_9)
DA:5,7
DA:10,7
DA:16,7
DA:23,7
DA:36,7
DA:42,7
DA:53,7
DA:58,0
DA:82,7
DA:83,7
DA:84,7
DA:86,7
LF:12
LH:11
BRF:0
BRH:0
end_of_record
TN:
SF:src/storage/CheckpointStore.ts
FN:32,(anonymous_0)
FN:67,(anonymous_1)
FN:80,(anonymous_2)
FN:99,(anonymous_3)
FN:109,(anonymous_4)
FN:119,(anonymous_5)
FN:125,(anonymous_6)
FN:135,(anonymous_7)
FN:147,(anonymous_8)
FN:171,(anonymous_9)
FN:184,(anonymous_10)
FN:197,(anonymous_11)
FN:216,(anonymous_12)
FN:231,(anonymous_13)
FN:247,(anonymous_14)
FN:271,(anonymous_15)
FN:272,(anonymous_16)
FN:275,(anonymous_17)
FNF:18
FNH:14
FNDA:1,(anonymous_0)
FNDA:11,(anonymous_1)
FNDA:2,(anonymous_2)
FNDA:2,(anonymous_3)
FNDA:0,(anonymous_4)
FNDA:2,(anonymous_5)
FNDA:0,(anonymous_6)
FNDA:2,(anonymous_7)
FNDA:4,(anonymous_8)
FNDA:3,(anonymous_9)
FNDA:2,(anonymous_10)
FNDA:3,(anonymous_11)
FNDA:2,(anonymous_12)
FNDA:3,(anonymous_13)
FNDA:14,(anonymous_14)
FNDA:0,(anonymous_15)
FNDA:0,(anonymous_16)
FNDA:7,(anonymous_17)
DA:1,9
DA:12,9
DA:13,9
DA:14,9
DA:16,9
DA:28,9
DA:33,1
DA:34,1
DA:36,1
DA:37,1
DA:38,1
DA:39,1
DA:40,1
DA:45,0
DA:46,0
DA:51,0
DA:53,0
DA:58,0
DA:68,11
DA:69,11
DA:70,7
DA:72,4
DA:73,4
DA:81,2
DA:82,2
DA:89,0
DA:91,2
DA:92,2
DA:103,2
DA:104,2
DA:109,0
DA:111,2
DA:112,2
DA:120,2
DA:121,2
DA:125,0
DA:127,2
DA:128,2
DA:136,2
DA:137,2
DA:139,2
DA:140,2
DA:148,4
DA:149,4
DA:154,2
DA:155,2
DA:157,2
DA:158,2
DA:161,2
DA:163,2
DA:164,2
DA:172,3
DA:173,3
DA:174,1
DA:176,2
DA:177,2
DA:185,2
DA:186,2
DA:187,0
DA:189,2
DA:190,2
DA:198,3
DA:199,3
DA:206,1
DA:208,2
DA:209,2
DA:217,2
DA:218,2
DA:221,0
DA:223,2
DA:224,2
DA:232,3
DA:233,3
DA:237,1
DA:239,2
DA:240,2
DA:248,14
DA:249,14
DA:250,14
DA:253,11
DA:254,8
DA:255,5
DA:258,3
DA:259,3
DA:261,1
DA:264,2
DA:266,0
DA:267,0
DA:272,0
DA:276,7
LF:90
LH:77
BRDA:51,0,0,0
BRDA:60,1,0,0
BRDA:60,1,1,0
BRDA:70,2,0,6
BRDA:70,2,1,1
BRDA:89,3,0,0
BRDA:89,3,1,0
BRDA:101,4,0,2
BRDA:237,5,0,1
BRDA:237,5,1,1
BRDA:250,6,0,3
BRDA:253,7,0,3
BRDA:253,8,0,11
BRDA:253,8,1,9
BRDA:254,9,0,3
BRDA:254,10,0,8
BRDA:254,10,1,6
BRDA:255,11,0,2
BRF:18
BRH:13
end_of_record
TN:
SF:src/storage/StateRepository.ts
FN:23,(anonymous_0)
FN:32,(anonymous_1)
FN:55,(anonymous_2)
FN:70,(anonymous_3)
FN:92,(anonymous_4)
FN:114,(anonymous_5)
FN:152,(anonymous_6)
FN:160,(anonymous_7)
FN:167,(anonymous_8)
FN:180,(anonymous_9)
FN:187,(anonymous_10)
FNF:11
FNH:11
FNDA:57,(anonymous_0)
FNDA:22,(anonymous_1)
FNDA:4,(anonymous_2)
FNDA:4,(anonymous_3)
FNDA:40,(anonymous_4)
FNDA:11,(anonymous_5)
FNDA:2,(anonymous_6)
FNDA:2,(anonymous_7)
FNDA:22,(anonymous_8)
FNDA:20,(anonymous_9)
FNDA:2,(anonymous_10)
DA:7,3
DA:18,3
DA:24,57
DA:25,57
DA:26,57
DA:34,22
DA:35,22
DA:36,1
DA:40,21
DA:41,21
DA:42,1
DA:46,20
DA:47,20
DA:49,20
DA:59,4
DA:60,4
DA:61,2
DA:64,2
DA:74,4
DA:75,4
DA:77,4
DA:78,7
DA:79,7
DA:86,4
DA:94,40
DA:95,27
DA:99,13
DA:100,13
DA:102,2
DA:105,11
DA:108,11
DA:118,11
DA:120,11
DA:121,11
DA:124,11
DA:125,11
DA:126,11
DA:127,1
DA:129,11
DA:130,1
DA:132,11
DA:133,1
DA:137,11
DA:138,11
DA:139,2
DA:140,2
DA:141,2
DA:146,11
DA:153,2
DA:154,2
DA:161,2
DA:168,22
DA:169,22
DA:171,2
DA:172,2
DA:173,1
DA:174,1
DA:177,1
DA:181,20
DA:188,2
DA:189,1
DA:191,1
LF:62
LH:62
BRDA:23,0,0,29
BRDA:35,1,0,1
BRDA:41,2,0,1
BRDA:60,3,0,2
BRDA:60,4,0,4
BRDA:60,4,1,3
BRDA:72,5,0,3
BRDA:94,6,0,27
BRDA:94,7,0,40
BRDA:94,7,1,13
BRDA:100,8,0,2
BRDA:120,9,0,11
BRDA:124,10,0,11
BRDA:126,11,0,1
BRDA:129,12,0,1
BRDA:132,13,0,1
BRDA:137,14,0,11
BRDA:139,15,0,2
BRDA:169,16,0,20
BRDA:172,17,0,1
BRDA:188,18,0,1
BRDA:188,18,1,1
BRF:22
BRH:22
end_of_record
TN:
SF:src/utils/logger.ts
FN:15,(anonymous_0)
FN:81,parseLogLevel
FN:101,getDefaultLogLevel
FN:112,isProduction
FN:122,(anonymous_4)
FN:134,(anonymous_5)
FN:141,(anonymous_6)
FN:178,(anonymous_7)
FN:187,(anonymous_8)
FN:196,(anonymous_9)
FN:205,(anonymous_10)
FN:223,(anonymous_11)
FN:236,(anonymous_12)
FN:243,(anonymous_13)
FN:251,createLogger
FNF:15
FNH:15
FNDA:12,(anonymous_0)
FNDA:12,parseLogLevel
FNDA:12,getDefaultLogLevel
FNDA:26,isProduction
FNDA:43,(anonymous_4)
FNDA:50,(anonymous_5)
FNDA:46,(anonymous_6)
FNDA:2,(anonymous_7)
FNDA:7,(anonymous_8)
FNDA:3,(anonymous_9)
FNDA:38,(anonymous_10)
FNDA:17,(anonymous_11)
FNDA:1,(anonymous_12)
FNDA:2,(anonymous_13)
FNDA:12,createLogger
DA:10,12
DA:15,12
DA:16,12
DA:17,12
DA:18,12
DA:19,12
DA:25,12
DA:82,12
DA:83,0
DA:84,0
DA:86,0
DA:88,0
DA:90,0
DA:92,0
DA:94,0
DA:102,12
DA:103,12
DA:104,0
DA:106,12
DA:113,26
DA:119,12
DA:123,43
DA:135,50
DA:142,46
DA:143,46
DA:144,46
DA:146,46
DA:147,0
DA:155,0
DA:158,46
DA:159,46
DA:160,46
DA:162,46
DA:163,46
DA:164,46
DA:165,46
DA:167,46
DA:168,46
DA:169,40
DA:172,46
DA:179,2
DA:180,1
DA:188,7
DA:189,5
DA:197,3
DA:198,2
DA:206,38
DA:208,38
DA:209,38
DA:210,38
DA:216,38
DA:224,17
DA:227,17
DA:237,1
DA:244,2
DA:251,12
DA:252,12
DA:256,12
DA:258,12
LF:59
LH:49
BRDA:15,0,0,12
BRDA:15,0,1,12
BRDA:82,1,0,12
BRDA:84,2,0,0
BRDA:84,2,1,0
BRDA:84,2,2,0
BRDA:84,2,3,0
BRDA:84,2,4,0
BRDA:103,3,0,0
BRDA:106,4,0,0
BRDA:106,4,1,12
BRDA:122,5,0,0
BRDA:124,6,0,43
BRDA:124,6,1,12
BRDA:125,7,0,43
BRDA:125,7,1,0
BRDA:126,8,0,43
BRDA:126,8,1,26
BRDA:127,9,0,43
BRDA:127,9,1,26
BRDA:146,10,0,0
BRDA:152,11,0,0
BRDA:152,11,1,0
BRDA:153,12,0,0
BRDA:153,12,1,0
BRDA:159,13,0,46
BRDA:164,14,0,46
BRDA:168,15,0,40
BRDA:179,16,0,1
BRDA:188,17,0,5
BRDA:197,18,0,2
BRDA:206,19,0,38
BRDA:209,20,0,38
BRDA:224,21,0,17
BRDA:224,21,1,0
BRF:35
BRH:20
end_of_record
